Analysis & Synthesis report for main
Tue Jan 15 21:22:34 2019
Quartus Prime Version 18.0.0 Build 614 04/24/2018 SJ Lite Edition


---------------------
; Table of Contents ;
---------------------
  1. Legal Notice
  2. Analysis & Synthesis Summary
  3. Analysis & Synthesis Settings
  4. Parallel Compilation
  5. Analysis & Synthesis Source Files Read
  6. Analysis & Synthesis Resource Usage Summary
  7. Analysis & Synthesis Resource Utilization by Entity
  8. State Machine - |main|proc:U1|Tstep_Q
  9. Registers Removed During Synthesis
 10. General Register Statistics
 11. Multiplexer Restructuring Statistics (Restructuring Performed)
 12. Parameter Settings for User Entity Instance: proc:U1
 13. Parameter Settings for User Entity Instance: proc:U1|regn:reg_0
 14. Parameter Settings for User Entity Instance: proc:U1|regn:reg_1
 15. Parameter Settings for User Entity Instance: proc:U1|regn:reg_2
 16. Parameter Settings for User Entity Instance: proc:U1|regn:reg_3
 17. Parameter Settings for User Entity Instance: proc:U1|regn:reg_4
 18. Parameter Settings for User Entity Instance: proc:U1|regn:reg_5
 19. Parameter Settings for User Entity Instance: proc:U1|regn:reg_6
 20. Parameter Settings for User Entity Instance: proc:U1|regn:reg_7
 21. Parameter Settings for User Entity Instance: proc:U1|regn:reg_A
 22. Parameter Settings for User Entity Instance: proc:U1|regn:reg_IR
 23. Parameter Settings for User Entity Instance: proc:U1|regn:reg_G
 24. Port Connectivity Checks: "proc:U1|dec3to8:decY"
 25. Port Connectivity Checks: "proc:U1|dec3to8:decX"
 26. Post-Synthesis Netlist Statistics for Top Partition
 27. Elapsed Time Per Partition
 28. Analysis & Synthesis Messages



----------------
; Legal Notice ;
----------------
Copyright (C) 2018  Intel Corporation. All rights reserved.
Your use of Intel Corporation's design tools, logic functions 
and other software and tools, and its AMPP partner logic 
functions, and any output files from any of the foregoing 
(including device programming or simulation files), and any 
associated documentation or information are expressly subject 
to the terms and conditions of the Intel Program License 
Subscription Agreement, the Intel Quartus Prime License Agreement,
the Intel FPGA IP License Agreement, or other applicable license
agreement, including, without limitation, that your use is for
the sole purpose of programming logic devices manufactured by
Intel and sold by Intel or its authorized distributors.  Please
refer to the applicable agreement for further details.



+-------------------------------------------------------------------------------+
; Analysis & Synthesis Summary                                                  ;
+---------------------------------+---------------------------------------------+
; Analysis & Synthesis Status     ; Successful - Tue Jan 15 21:22:34 2019       ;
; Quartus Prime Version           ; 18.0.0 Build 614 04/24/2018 SJ Lite Edition ;
; Revision Name                   ; main                                        ;
; Top-level Entity Name           ; main                                        ;
; Family                          ; Cyclone V                                   ;
; Logic utilization (in ALMs)     ; N/A                                         ;
; Total registers                 ; 103                                         ;
; Total pins                      ; 22                                          ;
; Total virtual pins              ; 0                                           ;
; Total block memory bits         ; 0                                           ;
; Total DSP Blocks                ; 0                                           ;
; Total HSSI RX PCSs              ; 0                                           ;
; Total HSSI PMA RX Deserializers ; 0                                           ;
; Total HSSI TX PCSs              ; 0                                           ;
; Total HSSI PMA TX Serializers   ; 0                                           ;
; Total PLLs                      ; 0                                           ;
; Total DLLs                      ; 0                                           ;
+---------------------------------+---------------------------------------------+


+---------------------------------------------------------------------------------------------------------------------------+
; Analysis & Synthesis Settings                                                                                             ;
+---------------------------------------------------------------------------------+--------------------+--------------------+
; Option                                                                          ; Setting            ; Default Value      ;
+---------------------------------------------------------------------------------+--------------------+--------------------+
; Device                                                                          ; 5CSEMA5F31C6       ;                    ;
; Top-level entity name                                                           ; main               ; main               ;
; Family name                                                                     ; Cyclone V          ; Cyclone V          ;
; Use smart compilation                                                           ; Off                ; Off                ;
; Enable parallel Assembler and Timing Analyzer during compilation                ; On                 ; On                 ;
; Enable compact report table                                                     ; Off                ; Off                ;
; Restructure Multiplexers                                                        ; Auto               ; Auto               ;
; MLAB Add Timing Constraints For Mixed-Port Feed-Through Mode Setting Don't Care ; Off                ; Off                ;
; Create Debugging Nodes for IP Cores                                             ; Off                ; Off                ;
; Preserve fewer node names                                                       ; On                 ; On                 ;
; Intel FPGA IP Evaluation Mode                                                   ; Enable             ; Enable             ;
; Verilog Version                                                                 ; Verilog_2001       ; Verilog_2001       ;
; VHDL Version                                                                    ; VHDL_1993          ; VHDL_1993          ;
; State Machine Processing                                                        ; Auto               ; Auto               ;
; Safe State Machine                                                              ; Off                ; Off                ;
; Extract Verilog State Machines                                                  ; On                 ; On                 ;
; Extract VHDL State Machines                                                     ; On                 ; On                 ;
; Ignore Verilog initial constructs                                               ; Off                ; Off                ;
; Iteration limit for constant Verilog loops                                      ; 5000               ; 5000               ;
; Iteration limit for non-constant Verilog loops                                  ; 250                ; 250                ;
; Add Pass-Through Logic to Inferred RAMs                                         ; On                 ; On                 ;
; Infer RAMs from Raw Logic                                                       ; On                 ; On                 ;
; Parallel Synthesis                                                              ; On                 ; On                 ;
; DSP Block Balancing                                                             ; Auto               ; Auto               ;
; NOT Gate Push-Back                                                              ; On                 ; On                 ;
; Power-Up Don't Care                                                             ; On                 ; On                 ;
; Remove Redundant Logic Cells                                                    ; Off                ; Off                ;
; Remove Duplicate Registers                                                      ; On                 ; On                 ;
; Ignore CARRY Buffers                                                            ; Off                ; Off                ;
; Ignore CASCADE Buffers                                                          ; Off                ; Off                ;
; Ignore GLOBAL Buffers                                                           ; Off                ; Off                ;
; Ignore ROW GLOBAL Buffers                                                       ; Off                ; Off                ;
; Ignore LCELL Buffers                                                            ; Off                ; Off                ;
; Ignore SOFT Buffers                                                             ; On                 ; On                 ;
; Limit AHDL Integers to 32 Bits                                                  ; Off                ; Off                ;
; Optimization Technique                                                          ; Balanced           ; Balanced           ;
; Carry Chain Length                                                              ; 70                 ; 70                 ;
; Auto Carry Chains                                                               ; On                 ; On                 ;
; Auto Open-Drain Pins                                                            ; On                 ; On                 ;
; Perform WYSIWYG Primitive Resynthesis                                           ; Off                ; Off                ;
; Auto ROM Replacement                                                            ; On                 ; On                 ;
; Auto RAM Replacement                                                            ; On                 ; On                 ;
; Auto DSP Block Replacement                                                      ; On                 ; On                 ;
; Auto Shift Register Replacement                                                 ; Auto               ; Auto               ;
; Allow Shift Register Merging across Hierarchies                                 ; Auto               ; Auto               ;
; Auto Clock Enable Replacement                                                   ; On                 ; On                 ;
; Strict RAM Replacement                                                          ; Off                ; Off                ;
; Allow Synchronous Control Signals                                               ; On                 ; On                 ;
; Force Use of Synchronous Clear Signals                                          ; Off                ; Off                ;
; Auto Resource Sharing                                                           ; Off                ; Off                ;
; Allow Any RAM Size For Recognition                                              ; Off                ; Off                ;
; Allow Any ROM Size For Recognition                                              ; Off                ; Off                ;
; Allow Any Shift Register Size For Recognition                                   ; Off                ; Off                ;
; Use LogicLock Constraints during Resource Balancing                             ; On                 ; On                 ;
; Ignore translate_off and synthesis_off directives                               ; Off                ; Off                ;
; Timing-Driven Synthesis                                                         ; On                 ; On                 ;
; Report Parameter Settings                                                       ; On                 ; On                 ;
; Report Source Assignments                                                       ; On                 ; On                 ;
; Report Connectivity Checks                                                      ; On                 ; On                 ;
; Ignore Maximum Fan-Out Assignments                                              ; Off                ; Off                ;
; Synchronization Register Chain Length                                           ; 3                  ; 3                  ;
; Power Optimization During Synthesis                                             ; Normal compilation ; Normal compilation ;
; HDL message level                                                               ; Level2             ; Level2             ;
; Suppress Register Optimization Related Messages                                 ; Off                ; Off                ;
; Number of Removed Registers Reported in Synthesis Report                        ; 5000               ; 5000               ;
; Number of Swept Nodes Reported in Synthesis Report                              ; 5000               ; 5000               ;
; Number of Inverted Registers Reported in Synthesis Report                       ; 100                ; 100                ;
; Clock MUX Protection                                                            ; On                 ; On                 ;
; Auto Gated Clock Conversion                                                     ; Off                ; Off                ;
; Block Design Naming                                                             ; Auto               ; Auto               ;
; SDC constraint protection                                                       ; Off                ; Off                ;
; Synthesis Effort                                                                ; Auto               ; Auto               ;
; Shift Register Replacement - Allow Asynchronous Clear Signal                    ; On                 ; On                 ;
; Pre-Mapping Resynthesis Optimization                                            ; Off                ; Off                ;
; Analysis & Synthesis Message Level                                              ; Medium             ; Medium             ;
; Disable Register Merging Across Hierarchies                                     ; Auto               ; Auto               ;
; Resource Aware Inference For Block RAM                                          ; On                 ; On                 ;
; Automatic Parallel Synthesis                                                    ; On                 ; On                 ;
; Partial Reconfiguration Bitstream ID                                            ; Off                ; Off                ;
+---------------------------------------------------------------------------------+--------------------+--------------------+


+------------------------------------------+
; Parallel Compilation                     ;
+----------------------------+-------------+
; Processors                 ; Number      ;
+----------------------------+-------------+
; Number detected on machine ; 16          ;
; Maximum allowed            ; 16          ;
;                            ;             ;
; Average used               ; 1.00        ;
; Maximum used               ; 16          ;
;                            ;             ;
; Usage by Processor         ; % Time Used ;
;     Processor 1            ; 100.0%      ;
;     Processors 2-16        ;   0.0%      ;
+----------------------------+-------------+


+--------------------------------------------------------------------------------------------------------------------------------------------------------------------------------------------------------------------------------------+
; Analysis & Synthesis Source Files Read                                                                                                                                                                                               ;
+----------------------------------+-----------------+------------------------+----------------------------------------------------------------------------------------------------------------------------------------------+---------+
; File Name with User-Entered Path ; Used in Netlist ; File Type              ; File Name with Absolute Path                                                                                                                 ; Library ;
+----------------------------------+-----------------+------------------------+----------------------------------------------------------------------------------------------------------------------------------------------+---------+
; main.v                           ; yes             ; User Verilog HDL File  ; D:/Barney/OneDrive - University of Toronto/2. Homework/10. Computer Organization (ECE243)/Labs/Lab 1 Introduction to Processors/part1/main.v ;         ;
; proc.v                           ; yes             ; User Verilog HDL File  ; D:/Barney/OneDrive - University of Toronto/2. Homework/10. Computer Organization (ECE243)/Labs/Lab 1 Introduction to Processors/part1/proc.v ;         ;
+----------------------------------+-----------------+------------------------+----------------------------------------------------------------------------------------------------------------------------------------------+---------+


+------------------------------------------------------------+
; Analysis & Synthesis Resource Usage Summary                ;
+---------------------------------------------+--------------+
; Resource                                    ; Usage        ;
+---------------------------------------------+--------------+
; Estimate of Logic utilization (ALMs needed) ; 79           ;
;                                             ;              ;
; Combinational ALUT usage for logic          ; 88           ;
;     -- 7 input functions                    ; 0            ;
;     -- 6 input functions                    ; 47           ;
;     -- 5 input functions                    ; 11           ;
;     -- 4 input functions                    ; 15           ;
;     -- <=3 input functions                  ; 15           ;
;                                             ;              ;
; Dedicated logic registers                   ; 103          ;
;                                             ;              ;
; I/O pins                                    ; 22           ;
;                                             ;              ;
; Total DSP Blocks                            ; 0            ;
;                                             ;              ;
; Maximum fan-out node                        ; KEY[1]~input ;
; Maximum fan-out                             ; 103          ;
; Total fan-out                               ; 786          ;
; Average fan-out                             ; 3.34         ;
+---------------------------------------------+--------------+


+----------------------------------------------------------------------------------------------------------------------------------------------------------------------------------------------+
; Analysis & Synthesis Resource Utilization by Entity                                                                                                                                          ;
+----------------------------+---------------------+---------------------------+-------------------+------------+------+--------------+---------------------------+-------------+--------------+
; Compilation Hierarchy Node ; Combinational ALUTs ; Dedicated Logic Registers ; Block Memory Bits ; DSP Blocks ; Pins ; Virtual Pins ; Full Hierarchy Name       ; Entity Name ; Library Name ;
+----------------------------+---------------------+---------------------------+-------------------+------------+------+--------------+---------------------------+-------------+--------------+
; |main                      ; 88 (0)              ; 103 (0)                   ; 0                 ; 0          ; 22   ; 0            ; |main                     ; main        ; work         ;
;    |proc:U1|               ; 88 (88)             ; 103 (4)                   ; 0                 ; 0          ; 0    ; 0            ; |main|proc:U1             ; proc        ; work         ;
;       |regn:reg_0|         ; 0 (0)               ; 9 (9)                     ; 0                 ; 0          ; 0    ; 0            ; |main|proc:U1|regn:reg_0  ; regn        ; work         ;
;       |regn:reg_1|         ; 0 (0)               ; 9 (9)                     ; 0                 ; 0          ; 0    ; 0            ; |main|proc:U1|regn:reg_1  ; regn        ; work         ;
;       |regn:reg_2|         ; 0 (0)               ; 9 (9)                     ; 0                 ; 0          ; 0    ; 0            ; |main|proc:U1|regn:reg_2  ; regn        ; work         ;
;       |regn:reg_3|         ; 0 (0)               ; 9 (9)                     ; 0                 ; 0          ; 0    ; 0            ; |main|proc:U1|regn:reg_3  ; regn        ; work         ;
;       |regn:reg_4|         ; 0 (0)               ; 9 (9)                     ; 0                 ; 0          ; 0    ; 0            ; |main|proc:U1|regn:reg_4  ; regn        ; work         ;
;       |regn:reg_5|         ; 0 (0)               ; 9 (9)                     ; 0                 ; 0          ; 0    ; 0            ; |main|proc:U1|regn:reg_5  ; regn        ; work         ;
;       |regn:reg_6|         ; 0 (0)               ; 9 (9)                     ; 0                 ; 0          ; 0    ; 0            ; |main|proc:U1|regn:reg_6  ; regn        ; work         ;
;       |regn:reg_7|         ; 0 (0)               ; 9 (9)                     ; 0                 ; 0          ; 0    ; 0            ; |main|proc:U1|regn:reg_7  ; regn        ; work         ;
;       |regn:reg_A|         ; 0 (0)               ; 9 (9)                     ; 0                 ; 0          ; 0    ; 0            ; |main|proc:U1|regn:reg_A  ; regn        ; work         ;
;       |regn:reg_G|         ; 0 (0)               ; 9 (9)                     ; 0                 ; 0          ; 0    ; 0            ; |main|proc:U1|regn:reg_G  ; regn        ; work         ;
;       |regn:reg_IR|        ; 0 (0)               ; 9 (9)                     ; 0                 ; 0          ; 0    ; 0            ; |main|proc:U1|regn:reg_IR ; regn        ; work         ;
+----------------------------+---------------------+---------------------------+-------------------+------------+------+--------------+---------------------------+-------------+--------------+
Note: For table entries with two numbers listed, the numbers in parentheses indicate the number of resources of the given type used by the specific entity alone. The numbers listed outside of parentheses indicate the total resources of the given type used by the specific entity and all of its sub-entities in the hierarchy.


Encoding Type:  One-Hot
+----------------------------------------------------------------+
; State Machine - |main|proc:U1|Tstep_Q                          ;
+------------+------------+------------+------------+------------+
; Name       ; Tstep_Q.T3 ; Tstep_Q.T2 ; Tstep_Q.T1 ; Tstep_Q.T0 ;
+------------+------------+------------+------------+------------+
; Tstep_Q.T0 ; 0          ; 0          ; 0          ; 0          ;
; Tstep_Q.T1 ; 0          ; 0          ; 1          ; 1          ;
; Tstep_Q.T2 ; 0          ; 1          ; 0          ; 1          ;
; Tstep_Q.T3 ; 1          ; 0          ; 0          ; 1          ;
+------------+------------+------------+------------+------------+


+------------------------------------------------------------+
; Registers Removed During Synthesis                         ;
+---------------------------------------+--------------------+
; Register name                         ; Reason for Removal ;
+---------------------------------------+--------------------+
; proc:U1|Tstep_Q~4                     ; Lost fanout        ;
; proc:U1|Tstep_Q~5                     ; Lost fanout        ;
; Total Number of Removed Registers = 2 ;                    ;
+---------------------------------------+--------------------+


+------------------------------------------------------+
; General Register Statistics                          ;
+----------------------------------------------+-------+
; Statistic                                    ; Value ;
+----------------------------------------------+-------+
; Total registers                              ; 103   ;
; Number of registers using Synchronous Clear  ; 0     ;
; Number of registers using Synchronous Load   ; 0     ;
; Number of registers using Asynchronous Clear ; 4     ;
; Number of registers using Asynchronous Load  ; 0     ;
; Number of registers using Clock Enable       ; 99    ;
; Number of registers using Preset             ; 0     ;
+----------------------------------------------+-------+


+------------------------------------------------------------------------------------------------------------------------------------------+
; Multiplexer Restructuring Statistics (Restructuring Performed)                                                                           ;
+--------------------+-----------+---------------+----------------------+------------------------+------------+----------------------------+
; Multiplexer Inputs ; Bus Width ; Baseline Area ; Area if Restructured ; Saving if Restructured ; Registered ; Example Multiplexer Output ;
+--------------------+-----------+---------------+----------------------+------------------------+------------+----------------------------+
; 3:1                ; 8 bits    ; 16 LEs        ; 16 LEs               ; 0 LEs                  ; No         ; |main|proc:U1|Rin[7]       ;
; 12:1               ; 8 bits    ; 64 LEs        ; 32 LEs               ; 32 LEs                 ; No         ; |main|proc:U1|Selector9    ;
; 10:1               ; 9 bits    ; 54 LEs        ; 54 LEs               ; 0 LEs                  ; No         ; |main|proc:U1|BusWires[0]  ;
+--------------------+-----------+---------------+----------------------+------------------------+------------+----------------------------+


+------------------------------------------------------+
; Parameter Settings for User Entity Instance: proc:U1 ;
+----------------+-------+-----------------------------+
; Parameter Name ; Value ; Type                        ;
+----------------+-------+-----------------------------+
; T0             ; 00    ; Unsigned Binary             ;
; T1             ; 01    ; Unsigned Binary             ;
; T2             ; 10    ; Unsigned Binary             ;
; T3             ; 11    ; Unsigned Binary             ;
; mv             ; 000   ; Unsigned Binary             ;
; mvi            ; 001   ; Unsigned Binary             ;
; add            ; 010   ; Unsigned Binary             ;
; sub            ; 011   ; Unsigned Binary             ;
+----------------+-------+-----------------------------+
Note: In order to hide this table in the UI and the text report file, please set the "Show Parameter Settings in Synthesis Report" option in "Analysis and Synthesis Settings -> More Settings" to "Off".


+-----------------------------------------------------------------+
; Parameter Settings for User Entity Instance: proc:U1|regn:reg_0 ;
+----------------+-------+----------------------------------------+
; Parameter Name ; Value ; Type                                   ;
+----------------+-------+----------------------------------------+
; n              ; 9     ; Signed Integer                         ;
+----------------+-------+----------------------------------------+
Note: In order to hide this table in the UI and the text report file, please set the "Show Parameter Settings in Synthesis Report" option in "Analysis and Synthesis Settings -> More Settings" to "Off".


+-----------------------------------------------------------------+
; Parameter Settings for User Entity Instance: proc:U1|regn:reg_1 ;
+----------------+-------+----------------------------------------+
; Parameter Name ; Value ; Type                                   ;
+----------------+-------+----------------------------------------+
; n              ; 9     ; Signed Integer                         ;
+----------------+-------+----------------------------------------+
Note: In order to hide this table in the UI and the text report file, please set the "Show Parameter Settings in Synthesis Report" option in "Analysis and Synthesis Settings -> More Settings" to "Off".


+-----------------------------------------------------------------+
; Parameter Settings for User Entity Instance: proc:U1|regn:reg_2 ;
+----------------+-------+----------------------------------------+
; Parameter Name ; Value ; Type                                   ;
+----------------+-------+----------------------------------------+
; n              ; 9     ; Signed Integer                         ;
+----------------+-------+----------------------------------------+
Note: In order to hide this table in the UI and the text report file, please set the "Show Parameter Settings in Synthesis Report" option in "Analysis and Synthesis Settings -> More Settings" to "Off".


+-----------------------------------------------------------------+
; Parameter Settings for User Entity Instance: proc:U1|regn:reg_3 ;
+----------------+-------+----------------------------------------+
; Parameter Name ; Value ; Type                                   ;
+----------------+-------+----------------------------------------+
; n              ; 9     ; Signed Integer                         ;
+----------------+-------+----------------------------------------+
Note: In order to hide this table in the UI and the text report file, please set the "Show Parameter Settings in Synthesis Report" option in "Analysis and Synthesis Settings -> More Settings" to "Off".


+-----------------------------------------------------------------+
; Parameter Settings for User Entity Instance: proc:U1|regn:reg_4 ;
+----------------+-------+----------------------------------------+
; Parameter Name ; Value ; Type                                   ;
+----------------+-------+----------------------------------------+
; n              ; 9     ; Signed Integer                         ;
+----------------+-------+----------------------------------------+
Note: In order to hide this table in the UI and the text report file, please set the "Show Parameter Settings in Synthesis Report" option in "Analysis and Synthesis Settings -> More Settings" to "Off".


+-----------------------------------------------------------------+
; Parameter Settings for User Entity Instance: proc:U1|regn:reg_5 ;
+----------------+-------+----------------------------------------+
; Parameter Name ; Value ; Type                                   ;
+----------------+-------+----------------------------------------+
; n              ; 9     ; Signed Integer                         ;
+----------------+-------+----------------------------------------+
Note: In order to hide this table in the UI and the text report file, please set the "Show Parameter Settings in Synthesis Report" option in "Analysis and Synthesis Settings -> More Settings" to "Off".


+-----------------------------------------------------------------+
; Parameter Settings for User Entity Instance: proc:U1|regn:reg_6 ;
+----------------+-------+----------------------------------------+
; Parameter Name ; Value ; Type                                   ;
+----------------+-------+----------------------------------------+
; n              ; 9     ; Signed Integer                         ;
+----------------+-------+----------------------------------------+
Note: In order to hide this table in the UI and the text report file, please set the "Show Parameter Settings in Synthesis Report" option in "Analysis and Synthesis Settings -> More Settings" to "Off".


+-----------------------------------------------------------------+
; Parameter Settings for User Entity Instance: proc:U1|regn:reg_7 ;
+----------------+-------+----------------------------------------+
; Parameter Name ; Value ; Type                                   ;
+----------------+-------+----------------------------------------+
; n              ; 9     ; Signed Integer                         ;
+----------------+-------+----------------------------------------+
Note: In order to hide this table in the UI and the text report file, please set the "Show Parameter Settings in Synthesis Report" option in "Analysis and Synthesis Settings -> More Settings" to "Off".


+-----------------------------------------------------------------+
; Parameter Settings for User Entity Instance: proc:U1|regn:reg_A ;
+----------------+-------+----------------------------------------+
; Parameter Name ; Value ; Type                                   ;
+----------------+-------+----------------------------------------+
; n              ; 9     ; Signed Integer                         ;
+----------------+-------+----------------------------------------+
Note: In order to hide this table in the UI and the text report file, please set the "Show Parameter Settings in Synthesis Report" option in "Analysis and Synthesis Settings -> More Settings" to "Off".


+------------------------------------------------------------------+
; Parameter Settings for User Entity Instance: proc:U1|regn:reg_IR ;
+----------------+-------+-----------------------------------------+
; Parameter Name ; Value ; Type                                    ;
+----------------+-------+-----------------------------------------+
; n              ; 9     ; Signed Integer                          ;
+----------------+-------+-----------------------------------------+
Note: In order to hide this table in the UI and the text report file, please set the "Show Parameter Settings in Synthesis Report" option in "Analysis and Synthesis Settings -> More Settings" to "Off".


+-----------------------------------------------------------------+
; Parameter Settings for User Entity Instance: proc:U1|regn:reg_G ;
+----------------+-------+----------------------------------------+
; Parameter Name ; Value ; Type                                   ;
+----------------+-------+----------------------------------------+
; n              ; 9     ; Signed Integer                         ;
+----------------+-------+----------------------------------------+
Note: In order to hide this table in the UI and the text report file, please set the "Show Parameter Settings in Synthesis Report" option in "Analysis and Synthesis Settings -> More Settings" to "Off".


+--------------------------------------------------+
; Port Connectivity Checks: "proc:U1|dec3to8:decY" ;
+------+-------+----------+------------------------+
; Port ; Type  ; Severity ; Details                ;
+------+-------+----------+------------------------+
; En   ; Input ; Info     ; Stuck at VCC           ;
+------+-------+----------+------------------------+


+--------------------------------------------------+
; Port Connectivity Checks: "proc:U1|dec3to8:decX" ;
+------+-------+----------+------------------------+
; Port ; Type  ; Severity ; Details                ;
+------+-------+----------+------------------------+
; En   ; Input ; Info     ; Stuck at VCC           ;
+------+-------+----------+------------------------+


+-----------------------------------------------------+
; Post-Synthesis Netlist Statistics for Top Partition ;
+-----------------------+-----------------------------+
; Type                  ; Count                       ;
+-----------------------+-----------------------------+
; arriav_ff             ; 103                         ;
;     CLR               ; 4                           ;
;     ENA               ; 99                          ;
; arriav_lcell_comb     ; 89                          ;
;     arith             ; 10                          ;
;         2 data inputs ; 1                           ;
;         4 data inputs ; 9                           ;
;     normal            ; 79                          ;
;         1 data inputs ; 1                           ;
;         2 data inputs ; 5                           ;
;         3 data inputs ; 9                           ;
;         4 data inputs ; 6                           ;
;         5 data inputs ; 11                          ;
;         6 data inputs ; 47                          ;
; boundary_port         ; 22                          ;
;                       ;                             ;
; Max LUT depth         ; 9.80                        ;
; Average LUT depth     ; 5.80                        ;
+-----------------------+-----------------------------+


+-------------------------------+
; Elapsed Time Per Partition    ;
+----------------+--------------+
; Partition Name ; Elapsed Time ;
+----------------+--------------+
; Top            ; 00:00:00     ;
+----------------+--------------+


+-------------------------------+
; Analysis & Synthesis Messages ;
+-------------------------------+
Info: *******************************************************************
Info: Running Quartus Prime Analysis & Synthesis
    Info: Version 18.0.0 Build 614 04/24/2018 SJ Lite Edition
    Info: Processing started: Tue Jan 15 21:22:23 2019
Info: Command: quartus_map --read_settings_files=on --write_settings_files=off main -c main
Warning (18236): Number of processors has not been specified which may cause overloading on shared machines.  Set the global assignment NUM_PARALLEL_PROCESSORS in your QSF to an appropriate value for best performance.
Info (20030): Parallel compilation is enabled and will use 16 of the 16 processors detected
Info (12021): Found 1 design units, including 1 entities, in source file main.v
    Info (12023): Found entity 1: main File: D:/Barney/OneDrive - University of Toronto/2. Homework/10. Computer Organization (ECE243)/Labs/Lab 1 Introduction to Processors/part1/main.v Line: 21
Info (12021): Found 3 design units, including 3 entities, in source file proc.v
    Info (12023): Found entity 1: proc File: D:/Barney/OneDrive - University of Toronto/2. Homework/10. Computer Organization (ECE243)/Labs/Lab 1 Introduction to Processors/part1/proc.v Line: 18
    Info (12023): Found entity 2: dec3to8 File: D:/Barney/OneDrive - University of Toronto/2. Homework/10. Computer Organization (ECE243)/Labs/Lab 1 Introduction to Processors/part1/proc.v Line: 263
    Info (12023): Found entity 3: regn File: D:/Barney/OneDrive - University of Toronto/2. Homework/10. Computer Organization (ECE243)/Labs/Lab 1 Introduction to Processors/part1/proc.v Line: 287
Info (12127): Elaborating entity "main" for the top level hierarchy
Info (12128): Elaborating entity "proc" for hierarchy "proc:U1" File: D:/Barney/OneDrive - University of Toronto/2. Homework/10. Computer Organization (ECE243)/Labs/Lab 1 Introduction to Processors/part1/main.v Line: 35
Warning (10270): Verilog HDL Case Statement warning at proc.v(82): incomplete case statement has no default case item File: D:/Barney/OneDrive - University of Toronto/2. Homework/10. Computer Organization (ECE243)/Labs/Lab 1 Introduction to Processors/part1/proc.v Line: 82
Info (10264): Verilog HDL Case Statement information at proc.v(82): all case item expressions in this case statement are onehot File: D:/Barney/OneDrive - University of Toronto/2. Homework/10. Computer Organization (ECE243)/Labs/Lab 1 Introduction to Processors/part1/proc.v Line: 82
Warning (10270): Verilog HDL Case Statement warning at proc.v(93): incomplete case statement has no default case item File: D:/Barney/OneDrive - University of Toronto/2. Homework/10. Computer Organization (ECE243)/Labs/Lab 1 Introduction to Processors/part1/proc.v Line: 93
Info (10264): Verilog HDL Case Statement information at proc.v(93): all case item expressions in this case statement are onehot File: D:/Barney/OneDrive - University of Toronto/2. Homework/10. Computer Organization (ECE243)/Labs/Lab 1 Introduction to Processors/part1/proc.v Line: 93
Warning (10270): Verilog HDL Case Statement warning at proc.v(112): incomplete case statement has no default case item File: D:/Barney/OneDrive - University of Toronto/2. Homework/10. Computer Organization (ECE243)/Labs/Lab 1 Introduction to Processors/part1/proc.v Line: 112
Info (10264): Verilog HDL Case Statement information at proc.v(112): all case item expressions in this case statement are onehot File: D:/Barney/OneDrive - University of Toronto/2. Homework/10. Computer Organization (ECE243)/Labs/Lab 1 Introduction to Processors/part1/proc.v Line: 112
Warning (10270): Verilog HDL Case Statement warning at proc.v(128): incomplete case statement has no default case item File: D:/Barney/OneDrive - University of Toronto/2. Homework/10. Computer Organization (ECE243)/Labs/Lab 1 Introduction to Processors/part1/proc.v Line: 128
Info (10264): Verilog HDL Case Statement information at proc.v(128): all case item expressions in this case statement are onehot File: D:/Barney/OneDrive - University of Toronto/2. Homework/10. Computer Organization (ECE243)/Labs/Lab 1 Introduction to Processors/part1/proc.v Line: 128
Warning (10270): Verilog HDL Case Statement warning at proc.v(148): incomplete case statement has no default case item File: D:/Barney/OneDrive - University of Toronto/2. Homework/10. Computer Organization (ECE243)/Labs/Lab 1 Introduction to Processors/part1/proc.v Line: 148
Info (10264): Verilog HDL Case Statement information at proc.v(148): all case item expressions in this case statement are onehot File: D:/Barney/OneDrive - University of Toronto/2. Homework/10. Computer Organization (ECE243)/Labs/Lab 1 Introduction to Processors/part1/proc.v Line: 148
Warning (10270): Verilog HDL Case Statement warning at proc.v(164): incomplete case statement has no default case item File: D:/Barney/OneDrive - University of Toronto/2. Homework/10. Computer Organization (ECE243)/Labs/Lab 1 Introduction to Processors/part1/proc.v Line: 164
Info (10264): Verilog HDL Case Statement information at proc.v(164): all case item expressions in this case statement are onehot File: D:/Barney/OneDrive - University of Toronto/2. Homework/10. Computer Organization (ECE243)/Labs/Lab 1 Introduction to Processors/part1/proc.v Line: 164
Warning (10270): Verilog HDL Case Statement warning at proc.v(188): incomplete case statement has no default case item File: D:/Barney/OneDrive - University of Toronto/2. Homework/10. Computer Organization (ECE243)/Labs/Lab 1 Introduction to Processors/part1/proc.v Line: 188
Info (10264): Verilog HDL Case Statement information at proc.v(188): all case item expressions in this case statement are onehot File: D:/Barney/OneDrive - University of Toronto/2. Homework/10. Computer Organization (ECE243)/Labs/Lab 1 Introduction to Processors/part1/proc.v Line: 188
Info (12128): Elaborating entity "dec3to8" for hierarchy "proc:U1|dec3to8:decX" File: D:/Barney/OneDrive - University of Toronto/2. Homework/10. Computer Organization (ECE243)/Labs/Lab 1 Introduction to Processors/part1/proc.v Line: 37
Info (12128): Elaborating entity "regn" for hierarchy "proc:U1|regn:reg_0" File: D:/Barney/OneDrive - University of Toronto/2. Homework/10. Computer Organization (ECE243)/Labs/Lab 1 Introduction to Processors/part1/proc.v Line: 213
Info (286030): Timing-Driven Synthesis is running
Info (17049): 2 registers lost all their fanouts during netlist optimizations.
Info (16010): Generating hard_block partition "hard_block:auto_generated_inst"
    Info (16011): Adding 0 node(s), including 0 DDIO, 0 PLL, 0 transceiver and 0 LCELL
Info (21057): Implemented 201 device resources after synthesis - the final resource count might be different
    Info (21058): Implemented 12 input pins
    Info (21059): Implemented 10 output pins
    Info (21061): Implemented 179 logic cells
Info: Quartus Prime Analysis & Synthesis was successful. 0 errors, 8 warnings
    Info: Peak virtual memory: 4878 megabytes
    Info: Processing ended: Tue Jan 15 21:22:34 2019
    Info: Elapsed time: 00:00:11
    Info: Total CPU time (on all processors): 00:00:22


