MIF/HEX Update report for main
Sat Jan 19 16:25:03 2019
Quartus Prime Version 18.0.0 Build 614 04/24/2018 SJ Lite Edition


---------------------
; Table of Contents ;
---------------------
  1. Legal Notice
  2. MIF/HEX Update Summary
  3. MIF/HEX Update Processed Files
  4. MIF/HEX Update Messages



----------------
; Legal Notice ;
----------------
Copyright (C) 2018  Intel Corporation. All rights reserved.
Your use of Intel Corporation's design tools, logic functions 
and other software and tools, and its AMPP partner logic 
functions, and any output files from any of the foregoing 
(including device programming or simulation files), and any 
associated documentation or information are expressly subject 
to the terms and conditions of the Intel Program License 
Subscription Agreement, the Intel Quartus Prime License Agreement,
the Intel FPGA IP License Agreement, or other applicable license
agreement, including, without limitation, that your use is for
the sole purpose of programming logic devices manufactured by
Intel and sold by Intel or its authorized distributors.  Please
refer to the applicable agreement for further details.



+---------------------------------------------------------------+
; MIF/HEX Update Summary                                        ;
+-----------------------+---------------------------------------+
; MIF/HEX Update Status ; Successful - Sat Jan 19 16:25:03 2019 ;
; Revision Name         ; main                                  ;
; Top-level Entity Name ; main                                  ;
; Family                ; Cyclone V                             ;
; Device                ; 5CSEMA5F31C6                          ;
+-----------------------+---------------------------------------+


+-----------------------------------------------------------------------------------------------------------------------------------------------+
; MIF/HEX Update Processed Files                                                                                                                ;
+-----------------------------------------------------------------------------------------------------------------------------------------------+
; File Name                                                                                                                                     ;
+-----------------------------------------------------------------------------------------------------------------------------------------------+
; D:/Barney/OneDrive - University of Toronto/2. Homework/10. Computer Organization (ECE243)/Labs/Lab 2 An Enhanced Processor/part5/inst_mem.mif ;
+-----------------------------------------------------------------------------------------------------------------------------------------------+


+-------------------------+
; MIF/HEX Update Messages ;
+-------------------------+
Info: *******************************************************************
Info: Running Quartus Prime MIF/HEX Update
    Info: Version 18.0.0 Build 614 04/24/2018 SJ Lite Edition
    Info: Processing started: Sat Jan 19 16:25:00 2019
Info: Command: quartus_cdb main -c main --update_mif
Warning (18236): Number of processors has not been specified which may cause overloading on shared machines.  Set the global assignment NUM_PARALLEL_PROCESSORS in your QSF to an appropriate value for best performance.
Warning (113028): 125 out of 256 addresses are uninitialized. The Quartus Prime software will initialize them to "0". There are 1 warnings found, and 1 warnings are reported. File: D:/Barney/OneDrive - University of Toronto/2. Homework/10. Computer Organization (ECE243)/Labs/Lab 2 An Enhanced Processor/part5/inst_mem.mif Line: 1
    Warning (113027): Addresses ranging from 131 to 255 are not initialized File: D:/Barney/OneDrive - University of Toronto/2. Homework/10. Computer Organization (ECE243)/Labs/Lab 2 An Enhanced Processor/part5/inst_mem.mif Line: 1
Info (39024): Processed the following Memory Initialization File(s)
    Info (39025): Processed Memory Initialization File D:/Barney/OneDrive - University of Toronto/2. Homework/10. Computer Organization (ECE243)/Labs/Lab 2 An Enhanced Processor/part5/inst_mem.mif File: D:/Barney/OneDrive - University of Toronto/2. Homework/10. Computer Organization (ECE243)/Labs/Lab 2 An Enhanced Processor/part5/inst_mem.mif Line: 0
Info: Quartus Prime MIF/HEX Update was successful. 0 errors, 3 warnings
    Info: Peak virtual memory: 4896 megabytes
    Info: Processing ended: Sat Jan 19 16:25:03 2019
    Info: Elapsed time: 00:00:03
    Info: Total CPU time (on all processors): 00:00:03


