Analysis & Synthesis report for main
Sun Feb 03 10:19:53 2019
Quartus Prime Version 18.0.0 Build 614 04/24/2018 SJ Lite Edition


---------------------
; Table of Contents ;
---------------------
  1. Legal Notice
  2. Analysis & Synthesis Summary
  3. Analysis & Synthesis Settings
  4. Parallel Compilation
  5. Analysis & Synthesis Source Files Read
  6. Analysis & Synthesis Resource Usage Summary
  7. Analysis & Synthesis Resource Utilization by Entity
  8. Analysis & Synthesis RAM Summary
  9. State Machine - |main|proc:U3|Tstep_Q
 10. User-Specified and Inferred Latches
 11. Registers Removed During Synthesis
 12. General Register Statistics
 13. Multiplexer Restructuring Statistics (Restructuring Performed)
 14. Source assignments for inst_mem:U4|altsyncram:altsyncram_component|altsyncram_rgj1:auto_generated
 15. Parameter Settings for User Entity Instance: proc:U3
 16. Parameter Settings for User Entity Instance: proc:U3|regn:reg_0
 17. Parameter Settings for User Entity Instance: proc:U3|regn:reg_1
 18. Parameter Settings for User Entity Instance: proc:U3|regn:reg_2
 19. Parameter Settings for User Entity Instance: proc:U3|regn:reg_3
 20. Parameter Settings for User Entity Instance: proc:U3|regn:reg_4
 21. Parameter Settings for User Entity Instance: proc:U3|regn:reg_5
 22. Parameter Settings for User Entity Instance: proc:U3|regn:reg_6
 23. Parameter Settings for User Entity Instance: proc:U3|regn:reg_A
 24. Parameter Settings for User Entity Instance: proc:U3|regn:reg_DOUT
 25. Parameter Settings for User Entity Instance: proc:U3|regn:reg_ADDR
 26. Parameter Settings for User Entity Instance: proc:U3|regn:reg_IR
 27. Parameter Settings for User Entity Instance: proc:U3|regn:reg_G
 28. Parameter Settings for User Entity Instance: inst_mem:U4|altsyncram:altsyncram_component
 29. Parameter Settings for User Entity Instance: regn:U5
 30. Parameter Settings for User Entity Instance: seg7_scroll:U6|regne:hex0
 31. Parameter Settings for User Entity Instance: seg7_scroll:U6|regne:hex1
 32. Parameter Settings for User Entity Instance: seg7_scroll:U6|regne:hex2
 33. Parameter Settings for User Entity Instance: seg7_scroll:U6|regne:hex3
 34. Parameter Settings for User Entity Instance: seg7_scroll:U6|regne:hex4
 35. Parameter Settings for User Entity Instance: seg7_scroll:U6|regne:hex5
 36. Parameter Settings for User Entity Instance: regn:U7
 37. altsyncram Parameter Settings by Entity Instance
 38. Port Connectivity Checks: "regn:U7"
 39. Port Connectivity Checks: "seg7_scroll:U6"
 40. Port Connectivity Checks: "proc:U3|dec3to8:decY"
 41. Port Connectivity Checks: "proc:U3|dec3to8:decX"
 42. Port Connectivity Checks: "proc:U3"
 43. Post-Synthesis Netlist Statistics for Top Partition
 44. Elapsed Time Per Partition
 45. Analysis & Synthesis Messages



----------------
; Legal Notice ;
----------------
Copyright (C) 2018  Intel Corporation. All rights reserved.
Your use of Intel Corporation's design tools, logic functions 
and other software and tools, and its AMPP partner logic 
functions, and any output files from any of the foregoing 
(including device programming or simulation files), and any 
associated documentation or information are expressly subject 
to the terms and conditions of the Intel Program License 
Subscription Agreement, the Intel Quartus Prime License Agreement,
the Intel FPGA IP License Agreement, or other applicable license
agreement, including, without limitation, that your use is for
the sole purpose of programming logic devices manufactured by
Intel and sold by Intel or its authorized distributors.  Please
refer to the applicable agreement for further details.



+-------------------------------------------------------------------------------+
; Analysis & Synthesis Summary                                                  ;
+---------------------------------+---------------------------------------------+
; Analysis & Synthesis Status     ; Successful - Sun Feb 03 10:19:53 2019       ;
; Quartus Prime Version           ; 18.0.0 Build 614 04/24/2018 SJ Lite Edition ;
; Revision Name                   ; main                                        ;
; Top-level Entity Name           ; main                                        ;
; Family                          ; Cyclone V                                   ;
; Logic utilization (in ALMs)     ; N/A                                         ;
; Total registers                 ; 266                                         ;
; Total pins                      ; 64                                          ;
; Total virtual pins              ; 0                                           ;
; Total block memory bits         ; 4,096                                       ;
; Total DSP Blocks                ; 0                                           ;
; Total HSSI RX PCSs              ; 0                                           ;
; Total HSSI PMA RX Deserializers ; 0                                           ;
; Total HSSI TX PCSs              ; 0                                           ;
; Total HSSI PMA TX Serializers   ; 0                                           ;
; Total PLLs                      ; 0                                           ;
; Total DLLs                      ; 0                                           ;
+---------------------------------+---------------------------------------------+


+---------------------------------------------------------------------------------------------------------------------------+
; Analysis & Synthesis Settings                                                                                             ;
+---------------------------------------------------------------------------------+--------------------+--------------------+
; Option                                                                          ; Setting            ; Default Value      ;
+---------------------------------------------------------------------------------+--------------------+--------------------+
; Device                                                                          ; 5CSEMA5F31C6       ;                    ;
; Top-level entity name                                                           ; main               ; main               ;
; Family name                                                                     ; Cyclone V          ; Cyclone V          ;
; Use smart compilation                                                           ; Off                ; Off                ;
; Enable parallel Assembler and Timing Analyzer during compilation                ; On                 ; On                 ;
; Enable compact report table                                                     ; Off                ; Off                ;
; Restructure Multiplexers                                                        ; Auto               ; Auto               ;
; MLAB Add Timing Constraints For Mixed-Port Feed-Through Mode Setting Don't Care ; Off                ; Off                ;
; Create Debugging Nodes for IP Cores                                             ; Off                ; Off                ;
; Preserve fewer node names                                                       ; On                 ; On                 ;
; Intel FPGA IP Evaluation Mode                                                   ; Enable             ; Enable             ;
; Verilog Version                                                                 ; Verilog_2001       ; Verilog_2001       ;
; VHDL Version                                                                    ; VHDL_1993          ; VHDL_1993          ;
; State Machine Processing                                                        ; Auto               ; Auto               ;
; Safe State Machine                                                              ; Off                ; Off                ;
; Extract Verilog State Machines                                                  ; On                 ; On                 ;
; Extract VHDL State Machines                                                     ; On                 ; On                 ;
; Ignore Verilog initial constructs                                               ; Off                ; Off                ;
; Iteration limit for constant Verilog loops                                      ; 5000               ; 5000               ;
; Iteration limit for non-constant Verilog loops                                  ; 250                ; 250                ;
; Add Pass-Through Logic to Inferred RAMs                                         ; On                 ; On                 ;
; Infer RAMs from Raw Logic                                                       ; On                 ; On                 ;
; Parallel Synthesis                                                              ; On                 ; On                 ;
; DSP Block Balancing                                                             ; Auto               ; Auto               ;
; NOT Gate Push-Back                                                              ; On                 ; On                 ;
; Power-Up Don't Care                                                             ; On                 ; On                 ;
; Remove Redundant Logic Cells                                                    ; Off                ; Off                ;
; Remove Duplicate Registers                                                      ; On                 ; On                 ;
; Ignore CARRY Buffers                                                            ; Off                ; Off                ;
; Ignore CASCADE Buffers                                                          ; Off                ; Off                ;
; Ignore GLOBAL Buffers                                                           ; Off                ; Off                ;
; Ignore ROW GLOBAL Buffers                                                       ; Off                ; Off                ;
; Ignore LCELL Buffers                                                            ; Off                ; Off                ;
; Ignore SOFT Buffers                                                             ; On                 ; On                 ;
; Limit AHDL Integers to 32 Bits                                                  ; Off                ; Off                ;
; Optimization Technique                                                          ; Balanced           ; Balanced           ;
; Carry Chain Length                                                              ; 70                 ; 70                 ;
; Auto Carry Chains                                                               ; On                 ; On                 ;
; Auto Open-Drain Pins                                                            ; On                 ; On                 ;
; Perform WYSIWYG Primitive Resynthesis                                           ; Off                ; Off                ;
; Auto ROM Replacement                                                            ; On                 ; On                 ;
; Auto RAM Replacement                                                            ; On                 ; On                 ;
; Auto DSP Block Replacement                                                      ; On                 ; On                 ;
; Auto Shift Register Replacement                                                 ; Auto               ; Auto               ;
; Allow Shift Register Merging across Hierarchies                                 ; Auto               ; Auto               ;
; Auto Clock Enable Replacement                                                   ; On                 ; On                 ;
; Strict RAM Replacement                                                          ; Off                ; Off                ;
; Allow Synchronous Control Signals                                               ; On                 ; On                 ;
; Force Use of Synchronous Clear Signals                                          ; Off                ; Off                ;
; Auto Resource Sharing                                                           ; Off                ; Off                ;
; Allow Any RAM Size For Recognition                                              ; Off                ; Off                ;
; Allow Any ROM Size For Recognition                                              ; Off                ; Off                ;
; Allow Any Shift Register Size For Recognition                                   ; Off                ; Off                ;
; Use LogicLock Constraints during Resource Balancing                             ; On                 ; On                 ;
; Ignore translate_off and synthesis_off directives                               ; Off                ; Off                ;
; Timing-Driven Synthesis                                                         ; On                 ; On                 ;
; Report Parameter Settings                                                       ; On                 ; On                 ;
; Report Source Assignments                                                       ; On                 ; On                 ;
; Report Connectivity Checks                                                      ; On                 ; On                 ;
; Ignore Maximum Fan-Out Assignments                                              ; Off                ; Off                ;
; Synchronization Register Chain Length                                           ; 3                  ; 3                  ;
; Power Optimization During Synthesis                                             ; Normal compilation ; Normal compilation ;
; HDL message level                                                               ; Level2             ; Level2             ;
; Suppress Register Optimization Related Messages                                 ; Off                ; Off                ;
; Number of Removed Registers Reported in Synthesis Report                        ; 5000               ; 5000               ;
; Number of Swept Nodes Reported in Synthesis Report                              ; 5000               ; 5000               ;
; Number of Inverted Registers Reported in Synthesis Report                       ; 100                ; 100                ;
; Clock MUX Protection                                                            ; On                 ; On                 ;
; Auto Gated Clock Conversion                                                     ; Off                ; Off                ;
; Block Design Naming                                                             ; Auto               ; Auto               ;
; SDC constraint protection                                                       ; Off                ; Off                ;
; Synthesis Effort                                                                ; Auto               ; Auto               ;
; Shift Register Replacement - Allow Asynchronous Clear Signal                    ; On                 ; On                 ;
; Pre-Mapping Resynthesis Optimization                                            ; Off                ; Off                ;
; Analysis & Synthesis Message Level                                              ; Medium             ; Medium             ;
; Disable Register Merging Across Hierarchies                                     ; Auto               ; Auto               ;
; Resource Aware Inference For Block RAM                                          ; On                 ; On                 ;
; Automatic Parallel Synthesis                                                    ; On                 ; On                 ;
; Partial Reconfiguration Bitstream ID                                            ; Off                ; Off                ;
+---------------------------------------------------------------------------------+--------------------+--------------------+


+------------------------------------------+
; Parallel Compilation                     ;
+----------------------------+-------------+
; Processors                 ; Number      ;
+----------------------------+-------------+
; Number detected on machine ; 16          ;
; Maximum allowed            ; 16          ;
;                            ;             ;
; Average used               ; 1.00        ;
; Maximum used               ; 16          ;
;                            ;             ;
; Usage by Processor         ; % Time Used ;
;     Processor 1            ; 100.0%      ;
;     Processor 2            ;   0.0%      ;
;     Processors 3-16        ;   0.0%      ;
+----------------------------+-------------+


+-----------------------------------------------------------------------------------------------------------------------------------------------------------------------------------------------------------------------------------------------------------------+
; Analysis & Synthesis Source Files Read                                                                                                                                                                                                                          ;
+----------------------------------+-----------------+----------------------------------------+---------------------------------------------------------------------------------------------------------------------------------------------------------+---------+
; File Name with User-Entered Path ; Used in Netlist ; File Type                              ; File Name with Absolute Path                                                                                                                            ; Library ;
+----------------------------------+-----------------+----------------------------------------+---------------------------------------------------------------------------------------------------------------------------------------------------------+---------+
; seg7_scroll.v                    ; yes             ; User Verilog HDL File                  ; D:/Barney/OneDrive - University of Toronto/2. Homework/10. Computer Organization (ECE243)/Labs/Lab 2 An Enhanced Processor/part7/seg7_scroll.v          ;         ;
; proc.v                           ; yes             ; User Verilog HDL File                  ; D:/Barney/OneDrive - University of Toronto/2. Homework/10. Computer Organization (ECE243)/Labs/Lab 2 An Enhanced Processor/part7/proc.v                 ;         ;
; main.v                           ; yes             ; User Verilog HDL File                  ; D:/Barney/OneDrive - University of Toronto/2. Homework/10. Computer Organization (ECE243)/Labs/Lab 2 An Enhanced Processor/part7/main.v                 ;         ;
; inst_mem.v                       ; yes             ; User Wizard-Generated File             ; D:/Barney/OneDrive - University of Toronto/2. Homework/10. Computer Organization (ECE243)/Labs/Lab 2 An Enhanced Processor/part7/inst_mem.v             ;         ;
; flipflop.v                       ; yes             ; User Verilog HDL File                  ; D:/Barney/OneDrive - University of Toronto/2. Homework/10. Computer Organization (ECE243)/Labs/Lab 2 An Enhanced Processor/part7/flipflop.v             ;         ;
; altsyncram.tdf                   ; yes             ; Megafunction                           ; c:/intelfpga_lite/18.0/quartus/libraries/megafunctions/altsyncram.tdf                                                                                   ;         ;
; stratix_ram_block.inc            ; yes             ; Megafunction                           ; c:/intelfpga_lite/18.0/quartus/libraries/megafunctions/stratix_ram_block.inc                                                                            ;         ;
; lpm_mux.inc                      ; yes             ; Megafunction                           ; c:/intelfpga_lite/18.0/quartus/libraries/megafunctions/lpm_mux.inc                                                                                      ;         ;
; lpm_decode.inc                   ; yes             ; Megafunction                           ; c:/intelfpga_lite/18.0/quartus/libraries/megafunctions/lpm_decode.inc                                                                                   ;         ;
; aglobal180.inc                   ; yes             ; Megafunction                           ; c:/intelfpga_lite/18.0/quartus/libraries/megafunctions/aglobal180.inc                                                                                   ;         ;
; a_rdenreg.inc                    ; yes             ; Megafunction                           ; c:/intelfpga_lite/18.0/quartus/libraries/megafunctions/a_rdenreg.inc                                                                                    ;         ;
; altrom.inc                       ; yes             ; Megafunction                           ; c:/intelfpga_lite/18.0/quartus/libraries/megafunctions/altrom.inc                                                                                       ;         ;
; altram.inc                       ; yes             ; Megafunction                           ; c:/intelfpga_lite/18.0/quartus/libraries/megafunctions/altram.inc                                                                                       ;         ;
; altdpram.inc                     ; yes             ; Megafunction                           ; c:/intelfpga_lite/18.0/quartus/libraries/megafunctions/altdpram.inc                                                                                     ;         ;
; db/altsyncram_rgj1.tdf           ; yes             ; Auto-Generated Megafunction            ; D:/Barney/OneDrive - University of Toronto/2. Homework/10. Computer Organization (ECE243)/Labs/Lab 2 An Enhanced Processor/part7/db/altsyncram_rgj1.tdf ;         ;
; inst_mem.mif                     ; yes             ; Auto-Found Memory Initialization File  ; D:/Barney/OneDrive - University of Toronto/2. Homework/10. Computer Organization (ECE243)/Labs/Lab 2 An Enhanced Processor/part7/inst_mem.mif           ;         ;
+----------------------------------+-----------------+----------------------------------------+---------------------------------------------------------------------------------------------------------------------------------------------------------+---------+


+--------------------------------------------------------------+
; Analysis & Synthesis Resource Usage Summary                  ;
+---------------------------------------------+----------------+
; Resource                                    ; Usage          ;
+---------------------------------------------+----------------+
; Estimate of Logic utilization (ALMs needed) ; 211            ;
;                                             ;                ;
; Combinational ALUT usage for logic          ; 302            ;
;     -- 7 input functions                    ; 1              ;
;     -- 6 input functions                    ; 69             ;
;     -- 5 input functions                    ; 65             ;
;     -- 4 input functions                    ; 66             ;
;     -- <=3 input functions                  ; 101            ;
;                                             ;                ;
; Dedicated logic registers                   ; 266            ;
;                                             ;                ;
; I/O pins                                    ; 64             ;
; Total MLAB memory bits                      ; 0              ;
; Total block memory bits                     ; 4096           ;
;                                             ;                ;
; Total DSP Blocks                            ; 0              ;
;                                             ;                ;
; Maximum fan-out node                        ; CLOCK_50~input ;
; Maximum fan-out                             ; 282            ;
; Total fan-out                               ; 2417           ;
; Average fan-out                             ; 3.39           ;
+---------------------------------------------+----------------+


+------------------------------------------------------------------------------------------------------------------------------------------------------------------------------------------------------------------------------------------------------------------------+
; Analysis & Synthesis Resource Utilization by Entity                                                                                                                                                                                                                    ;
+-------------------------------------------+---------------------+---------------------------+-------------------+------------+------+--------------+----------------------------------------------------------------------------------+-----------------+--------------+
; Compilation Hierarchy Node                ; Combinational ALUTs ; Dedicated Logic Registers ; Block Memory Bits ; DSP Blocks ; Pins ; Virtual Pins ; Full Hierarchy Name                                                              ; Entity Name     ; Library Name ;
+-------------------------------------------+---------------------+---------------------------+-------------------+------------+------+--------------+----------------------------------------------------------------------------------+-----------------+--------------+
; |main                                     ; 302 (13)            ; 266 (0)                   ; 4096              ; 0          ; 64   ; 0            ; |main                                                                            ; main            ; work         ;
;    |flipflop:U1|                          ; 1 (1)               ; 1 (1)                     ; 0                 ; 0          ; 0    ; 0            ; |main|flipflop:U1                                                                ; flipflop        ; work         ;
;    |flipflop:U2|                          ; 1 (1)               ; 1 (1)                     ; 0                 ; 0          ; 0    ; 0            ; |main|flipflop:U2                                                                ; flipflop        ; work         ;
;    |inst_mem:U4|                          ; 0 (0)               ; 0 (0)                     ; 4096              ; 0          ; 0    ; 0            ; |main|inst_mem:U4                                                                ; inst_mem        ; work         ;
;       |altsyncram:altsyncram_component|   ; 0 (0)               ; 0 (0)                     ; 4096              ; 0          ; 0    ; 0            ; |main|inst_mem:U4|altsyncram:altsyncram_component                                ; altsyncram      ; work         ;
;          |altsyncram_rgj1:auto_generated| ; 0 (0)               ; 0 (0)                     ; 4096              ; 0          ; 0    ; 0            ; |main|inst_mem:U4|altsyncram:altsyncram_component|altsyncram_rgj1:auto_generated ; altsyncram_rgj1 ; work         ;
;    |proc:U3|                              ; 273 (247)           ; 204 (6)                   ; 0                 ; 0          ; 0    ; 0            ; |main|proc:U3                                                                    ; proc            ; work         ;
;       |dec3to8:decX|                      ; 2 (2)               ; 0 (0)                     ; 0                 ; 0          ; 0    ; 0            ; |main|proc:U3|dec3to8:decX                                                       ; dec3to8         ; work         ;
;       |dec3to8:decY|                      ; 7 (7)               ; 0 (0)                     ; 0                 ; 0          ; 0    ; 0            ; |main|proc:U3|dec3to8:decY                                                       ; dec3to8         ; work         ;
;       |flipflop:reg_W|                    ; 0 (0)               ; 1 (1)                     ; 0                 ; 0          ; 0    ; 0            ; |main|proc:U3|flipflop:reg_W                                                     ; flipflop        ; work         ;
;       |pc_count:pc|                       ; 17 (17)             ; 16 (16)                   ; 0                 ; 0          ; 0    ; 0            ; |main|proc:U3|pc_count:pc                                                        ; pc_count        ; work         ;
;       |regn:reg_0|                        ; 0 (0)               ; 16 (16)                   ; 0                 ; 0          ; 0    ; 0            ; |main|proc:U3|regn:reg_0                                                         ; regn            ; work         ;
;       |regn:reg_1|                        ; 0 (0)               ; 16 (16)                   ; 0                 ; 0          ; 0    ; 0            ; |main|proc:U3|regn:reg_1                                                         ; regn            ; work         ;
;       |regn:reg_2|                        ; 0 (0)               ; 16 (16)                   ; 0                 ; 0          ; 0    ; 0            ; |main|proc:U3|regn:reg_2                                                         ; regn            ; work         ;
;       |regn:reg_3|                        ; 0 (0)               ; 16 (16)                   ; 0                 ; 0          ; 0    ; 0            ; |main|proc:U3|regn:reg_3                                                         ; regn            ; work         ;
;       |regn:reg_4|                        ; 0 (0)               ; 16 (16)                   ; 0                 ; 0          ; 0    ; 0            ; |main|proc:U3|regn:reg_4                                                         ; regn            ; work         ;
;       |regn:reg_5|                        ; 0 (0)               ; 16 (16)                   ; 0                 ; 0          ; 0    ; 0            ; |main|proc:U3|regn:reg_5                                                         ; regn            ; work         ;
;       |regn:reg_6|                        ; 0 (0)               ; 16 (16)                   ; 0                 ; 0          ; 0    ; 0            ; |main|proc:U3|regn:reg_6                                                         ; regn            ; work         ;
;       |regn:reg_ADDR|                     ; 0 (0)               ; 12 (12)                   ; 0                 ; 0          ; 0    ; 0            ; |main|proc:U3|regn:reg_ADDR                                                      ; regn            ; work         ;
;       |regn:reg_A|                        ; 0 (0)               ; 16 (16)                   ; 0                 ; 0          ; 0    ; 0            ; |main|proc:U3|regn:reg_A                                                         ; regn            ; work         ;
;       |regn:reg_DOUT|                     ; 0 (0)               ; 16 (16)                   ; 0                 ; 0          ; 0    ; 0            ; |main|proc:U3|regn:reg_DOUT                                                      ; regn            ; work         ;
;       |regn:reg_G|                        ; 0 (0)               ; 16 (16)                   ; 0                 ; 0          ; 0    ; 0            ; |main|proc:U3|regn:reg_G                                                         ; regn            ; work         ;
;       |regn:reg_IR|                       ; 0 (0)               ; 9 (9)                     ; 0                 ; 0          ; 0    ; 0            ; |main|proc:U3|regn:reg_IR                                                        ; regn            ; work         ;
;    |regn:U5|                              ; 0 (0)               ; 9 (9)                     ; 0                 ; 0          ; 0    ; 0            ; |main|regn:U5                                                                    ; regn            ; work         ;
;    |regn:U7|                              ; 0 (0)               ; 9 (9)                     ; 0                 ; 0          ; 0    ; 0            ; |main|regn:U7                                                                    ; regn            ; work         ;
;    |seg7_scroll:U6|                       ; 14 (1)              ; 42 (0)                    ; 0                 ; 0          ; 0    ; 0            ; |main|seg7_scroll:U6                                                             ; seg7_scroll     ; work         ;
;       |regne:hex0|                        ; 1 (1)               ; 7 (7)                     ; 0                 ; 0          ; 0    ; 0            ; |main|seg7_scroll:U6|regne:hex0                                                  ; regne           ; work         ;
;       |regne:hex1|                        ; 1 (1)               ; 7 (7)                     ; 0                 ; 0          ; 0    ; 0            ; |main|seg7_scroll:U6|regne:hex1                                                  ; regne           ; work         ;
;       |regne:hex2|                        ; 1 (1)               ; 7 (7)                     ; 0                 ; 0          ; 0    ; 0            ; |main|seg7_scroll:U6|regne:hex2                                                  ; regne           ; work         ;
;       |regne:hex3|                        ; 1 (1)               ; 7 (7)                     ; 0                 ; 0          ; 0    ; 0            ; |main|seg7_scroll:U6|regne:hex3                                                  ; regne           ; work         ;
;       |regne:hex4|                        ; 1 (1)               ; 7 (7)                     ; 0                 ; 0          ; 0    ; 0            ; |main|seg7_scroll:U6|regne:hex4                                                  ; regne           ; work         ;
;       |regne:hex5|                        ; 8 (8)               ; 7 (7)                     ; 0                 ; 0          ; 0    ; 0            ; |main|seg7_scroll:U6|regne:hex5                                                  ; regne           ; work         ;
+-------------------------------------------+---------------------+---------------------------+-------------------+------------+------+--------------+----------------------------------------------------------------------------------+-----------------+--------------+
Note: For table entries with two numbers listed, the numbers in parentheses indicate the number of resources of the given type used by the specific entity alone. The numbers listed outside of parentheses indicate the total resources of the given type used by the specific entity and all of its sub-entities in the hierarchy.


+----------------------------------------------------------------------------------------------------------------------------------------------------------------------------------------------+
; Analysis & Synthesis RAM Summary                                                                                                                                                             ;
+---------------------------------------------------------------------------------------+------+-------------+--------------+--------------+--------------+--------------+------+--------------+
; Name                                                                                  ; Type ; Mode        ; Port A Depth ; Port A Width ; Port B Depth ; Port B Width ; Size ; MIF          ;
+---------------------------------------------------------------------------------------+------+-------------+--------------+--------------+--------------+--------------+------+--------------+
; inst_mem:U4|altsyncram:altsyncram_component|altsyncram_rgj1:auto_generated|ALTSYNCRAM ; AUTO ; Single Port ; 256          ; 16           ; --           ; --           ; 4096 ; inst_mem.mif ;
+---------------------------------------------------------------------------------------+------+-------------+--------------+--------------+--------------+--------------+------+--------------+


Encoding Type:  One-Hot
+------------------------------------------------------------------------------------------+
; State Machine - |main|proc:U3|Tstep_Q                                                    ;
+------------+------------+------------+------------+------------+------------+------------+
; Name       ; Tstep_Q.T5 ; Tstep_Q.T4 ; Tstep_Q.T3 ; Tstep_Q.T2 ; Tstep_Q.T1 ; Tstep_Q.T0 ;
+------------+------------+------------+------------+------------+------------+------------+
; Tstep_Q.T0 ; 0          ; 0          ; 0          ; 0          ; 0          ; 0          ;
; Tstep_Q.T1 ; 0          ; 0          ; 0          ; 0          ; 1          ; 1          ;
; Tstep_Q.T2 ; 0          ; 0          ; 0          ; 1          ; 0          ; 1          ;
; Tstep_Q.T3 ; 0          ; 0          ; 1          ; 0          ; 0          ; 1          ;
; Tstep_Q.T4 ; 0          ; 1          ; 0          ; 0          ; 0          ; 1          ;
; Tstep_Q.T5 ; 1          ; 0          ; 0          ; 0          ; 0          ; 1          ;
+------------+------------+------------+------------+------------+------------+------------+


+---------------------------------------------------------------------------------------------------+
; User-Specified and Inferred Latches                                                               ;
+----------------------------------------------------+---------------------+------------------------+
; Latch Name                                         ; Latch Enable Signal ; Free of Timing Hazards ;
+----------------------------------------------------+---------------------+------------------------+
; proc:U3|flag_z_mv                                  ; proc:U3|flag_z_mv   ; yes                    ;
; proc:U3|flag_c_temp                                ; proc:U3|flag_c_temp ; yes                    ;
; Number of user-specified and inferred latches = 2  ;                     ;                        ;
+----------------------------------------------------+---------------------+------------------------+
Note: All latches listed above may not be present at the end of synthesis due to various synthesis optimizations.


+------------------------------------------------------------+
; Registers Removed During Synthesis                         ;
+---------------------------------------+--------------------+
; Register name                         ; Reason for Removal ;
+---------------------------------------+--------------------+
; proc:U3|Tstep_Q~2                     ; Lost fanout        ;
; proc:U3|Tstep_Q~3                     ; Lost fanout        ;
; proc:U3|Tstep_Q~4                     ; Lost fanout        ;
; Total Number of Removed Registers = 3 ;                    ;
+---------------------------------------+--------------------+


+------------------------------------------------------+
; General Register Statistics                          ;
+----------------------------------------------+-------+
; Statistic                                    ; Value ;
+----------------------------------------------+-------+
; Total registers                              ; 266   ;
; Number of registers using Synchronous Clear  ; 17    ;
; Number of registers using Synchronous Load   ; 16    ;
; Number of registers using Asynchronous Clear ; 0     ;
; Number of registers using Asynchronous Load  ; 0     ;
; Number of registers using Clock Enable       ; 248   ;
; Number of registers using Preset             ; 0     ;
+----------------------------------------------+-------+


+----------------------------------------------------------------------------------------------------------------------------------------------------+
; Multiplexer Restructuring Statistics (Restructuring Performed)                                                                                     ;
+--------------------+-----------+---------------+----------------------+------------------------+------------+--------------------------------------+
; Multiplexer Inputs ; Bus Width ; Baseline Area ; Area if Restructured ; Saving if Restructured ; Registered ; Example Multiplexer Output           ;
+--------------------+-----------+---------------+----------------------+------------------------+------------+--------------------------------------+
; 3:1                ; 7 bits    ; 14 LEs        ; 7 LEs                ; 7 LEs                  ; Yes        ; |main|seg7_scroll:U6|regne:hex0|Q[6] ;
; 3:1                ; 7 bits    ; 14 LEs        ; 7 LEs                ; 7 LEs                  ; Yes        ; |main|seg7_scroll:U6|regne:hex4|Q[3] ;
; 3:1                ; 7 bits    ; 14 LEs        ; 7 LEs                ; 7 LEs                  ; Yes        ; |main|seg7_scroll:U6|regne:hex2|Q[5] ;
; 3:1                ; 7 bits    ; 14 LEs        ; 7 LEs                ; 7 LEs                  ; Yes        ; |main|seg7_scroll:U6|regne:hex1|Q[0] ;
; 3:1                ; 7 bits    ; 14 LEs        ; 7 LEs                ; 7 LEs                  ; Yes        ; |main|seg7_scroll:U6|regne:hex5|Q[4] ;
; 3:1                ; 7 bits    ; 14 LEs        ; 7 LEs                ; 7 LEs                  ; Yes        ; |main|seg7_scroll:U6|regne:hex3|Q[5] ;
; 4:1                ; 16 bits   ; 32 LEs        ; 0 LEs                ; 32 LEs                 ; Yes        ; |main|proc:U3|pc_count:pc|Q[11]      ;
; 5:1                ; 7 bits    ; 21 LEs        ; 21 LEs               ; 0 LEs                  ; No         ; |main|proc:U3|Mux16                  ;
; 7:1                ; 8 bits    ; 32 LEs        ; 16 LEs               ; 16 LEs                 ; No         ; |main|proc:U3|Mux13                  ;
; 8:1                ; 7 bits    ; 35 LEs        ; 14 LEs               ; 21 LEs                 ; No         ; |main|proc:U3|Mux5                   ;
; 10:1               ; 9 bits    ; 54 LEs        ; 54 LEs               ; 0 LEs                  ; No         ; |main|proc:U3|BusWires[8]            ;
; 11:1               ; 7 bits    ; 49 LEs        ; 49 LEs               ; 0 LEs                  ; No         ; |main|proc:U3|BusWires[14]           ;
+--------------------+-----------+---------------+----------------------+------------------------+------------+--------------------------------------+


+---------------------------------------------------------------------------------------------------+
; Source assignments for inst_mem:U4|altsyncram:altsyncram_component|altsyncram_rgj1:auto_generated ;
+---------------------------------+--------------------+------+-------------------------------------+
; Assignment                      ; Value              ; From ; To                                  ;
+---------------------------------+--------------------+------+-------------------------------------+
; OPTIMIZE_POWER_DURING_SYNTHESIS ; NORMAL_COMPILATION ; -    ; -                                   ;
+---------------------------------+--------------------+------+-------------------------------------+


+------------------------------------------------------+
; Parameter Settings for User Entity Instance: proc:U3 ;
+----------------+-------+-----------------------------+
; Parameter Name ; Value ; Type                        ;
+----------------+-------+-----------------------------+
; T0             ; 000   ; Unsigned Binary             ;
; T1             ; 001   ; Unsigned Binary             ;
; T2             ; 010   ; Unsigned Binary             ;
; T3             ; 011   ; Unsigned Binary             ;
; T4             ; 100   ; Unsigned Binary             ;
; T5             ; 101   ; Unsigned Binary             ;
; mv             ; 000   ; Unsigned Binary             ;
; mvi            ; 001   ; Unsigned Binary             ;
; add            ; 010   ; Unsigned Binary             ;
; sub            ; 011   ; Unsigned Binary             ;
; ld             ; 100   ; Unsigned Binary             ;
; st             ; 101   ; Unsigned Binary             ;
; mvnz           ; 110   ; Unsigned Binary             ;
; mvnc           ; 111   ; Unsigned Binary             ;
+----------------+-------+-----------------------------+
Note: In order to hide this table in the UI and the text report file, please set the "Show Parameter Settings in Synthesis Report" option in "Analysis and Synthesis Settings -> More Settings" to "Off".


+-----------------------------------------------------------------+
; Parameter Settings for User Entity Instance: proc:U3|regn:reg_0 ;
+----------------+-------+----------------------------------------+
; Parameter Name ; Value ; Type                                   ;
+----------------+-------+----------------------------------------+
; n              ; 16    ; Signed Integer                         ;
+----------------+-------+----------------------------------------+
Note: In order to hide this table in the UI and the text report file, please set the "Show Parameter Settings in Synthesis Report" option in "Analysis and Synthesis Settings -> More Settings" to "Off".


+-----------------------------------------------------------------+
; Parameter Settings for User Entity Instance: proc:U3|regn:reg_1 ;
+----------------+-------+----------------------------------------+
; Parameter Name ; Value ; Type                                   ;
+----------------+-------+----------------------------------------+
; n              ; 16    ; Signed Integer                         ;
+----------------+-------+----------------------------------------+
Note: In order to hide this table in the UI and the text report file, please set the "Show Parameter Settings in Synthesis Report" option in "Analysis and Synthesis Settings -> More Settings" to "Off".


+-----------------------------------------------------------------+
; Parameter Settings for User Entity Instance: proc:U3|regn:reg_2 ;
+----------------+-------+----------------------------------------+
; Parameter Name ; Value ; Type                                   ;
+----------------+-------+----------------------------------------+
; n              ; 16    ; Signed Integer                         ;
+----------------+-------+----------------------------------------+
Note: In order to hide this table in the UI and the text report file, please set the "Show Parameter Settings in Synthesis Report" option in "Analysis and Synthesis Settings -> More Settings" to "Off".


+-----------------------------------------------------------------+
; Parameter Settings for User Entity Instance: proc:U3|regn:reg_3 ;
+----------------+-------+----------------------------------------+
; Parameter Name ; Value ; Type                                   ;
+----------------+-------+----------------------------------------+
; n              ; 16    ; Signed Integer                         ;
+----------------+-------+----------------------------------------+
Note: In order to hide this table in the UI and the text report file, please set the "Show Parameter Settings in Synthesis Report" option in "Analysis and Synthesis Settings -> More Settings" to "Off".


+-----------------------------------------------------------------+
; Parameter Settings for User Entity Instance: proc:U3|regn:reg_4 ;
+----------------+-------+----------------------------------------+
; Parameter Name ; Value ; Type                                   ;
+----------------+-------+----------------------------------------+
; n              ; 16    ; Signed Integer                         ;
+----------------+-------+----------------------------------------+
Note: In order to hide this table in the UI and the text report file, please set the "Show Parameter Settings in Synthesis Report" option in "Analysis and Synthesis Settings -> More Settings" to "Off".


+-----------------------------------------------------------------+
; Parameter Settings for User Entity Instance: proc:U3|regn:reg_5 ;
+----------------+-------+----------------------------------------+
; Parameter Name ; Value ; Type                                   ;
+----------------+-------+----------------------------------------+
; n              ; 16    ; Signed Integer                         ;
+----------------+-------+----------------------------------------+
Note: In order to hide this table in the UI and the text report file, please set the "Show Parameter Settings in Synthesis Report" option in "Analysis and Synthesis Settings -> More Settings" to "Off".


+-----------------------------------------------------------------+
; Parameter Settings for User Entity Instance: proc:U3|regn:reg_6 ;
+----------------+-------+----------------------------------------+
; Parameter Name ; Value ; Type                                   ;
+----------------+-------+----------------------------------------+
; n              ; 16    ; Signed Integer                         ;
+----------------+-------+----------------------------------------+
Note: In order to hide this table in the UI and the text report file, please set the "Show Parameter Settings in Synthesis Report" option in "Analysis and Synthesis Settings -> More Settings" to "Off".


+-----------------------------------------------------------------+
; Parameter Settings for User Entity Instance: proc:U3|regn:reg_A ;
+----------------+-------+----------------------------------------+
; Parameter Name ; Value ; Type                                   ;
+----------------+-------+----------------------------------------+
; n              ; 16    ; Signed Integer                         ;
+----------------+-------+----------------------------------------+
Note: In order to hide this table in the UI and the text report file, please set the "Show Parameter Settings in Synthesis Report" option in "Analysis and Synthesis Settings -> More Settings" to "Off".


+--------------------------------------------------------------------+
; Parameter Settings for User Entity Instance: proc:U3|regn:reg_DOUT ;
+----------------+-------+-------------------------------------------+
; Parameter Name ; Value ; Type                                      ;
+----------------+-------+-------------------------------------------+
; n              ; 16    ; Signed Integer                            ;
+----------------+-------+-------------------------------------------+
Note: In order to hide this table in the UI and the text report file, please set the "Show Parameter Settings in Synthesis Report" option in "Analysis and Synthesis Settings -> More Settings" to "Off".


+--------------------------------------------------------------------+
; Parameter Settings for User Entity Instance: proc:U3|regn:reg_ADDR ;
+----------------+-------+-------------------------------------------+
; Parameter Name ; Value ; Type                                      ;
+----------------+-------+-------------------------------------------+
; n              ; 16    ; Signed Integer                            ;
+----------------+-------+-------------------------------------------+
Note: In order to hide this table in the UI and the text report file, please set the "Show Parameter Settings in Synthesis Report" option in "Analysis and Synthesis Settings -> More Settings" to "Off".


+------------------------------------------------------------------+
; Parameter Settings for User Entity Instance: proc:U3|regn:reg_IR ;
+----------------+-------+-----------------------------------------+
; Parameter Name ; Value ; Type                                    ;
+----------------+-------+-----------------------------------------+
; n              ; 9     ; Signed Integer                          ;
+----------------+-------+-----------------------------------------+
Note: In order to hide this table in the UI and the text report file, please set the "Show Parameter Settings in Synthesis Report" option in "Analysis and Synthesis Settings -> More Settings" to "Off".


+-----------------------------------------------------------------+
; Parameter Settings for User Entity Instance: proc:U3|regn:reg_G ;
+----------------+-------+----------------------------------------+
; Parameter Name ; Value ; Type                                   ;
+----------------+-------+----------------------------------------+
; n              ; 16    ; Signed Integer                         ;
+----------------+-------+----------------------------------------+
Note: In order to hide this table in the UI and the text report file, please set the "Show Parameter Settings in Synthesis Report" option in "Analysis and Synthesis Settings -> More Settings" to "Off".


+------------------------------------------------------------------------------------------+
; Parameter Settings for User Entity Instance: inst_mem:U4|altsyncram:altsyncram_component ;
+------------------------------------+----------------------+------------------------------+
; Parameter Name                     ; Value                ; Type                         ;
+------------------------------------+----------------------+------------------------------+
; BYTE_SIZE_BLOCK                    ; 8                    ; Untyped                      ;
; AUTO_CARRY_CHAINS                  ; ON                   ; AUTO_CARRY                   ;
; IGNORE_CARRY_BUFFERS               ; OFF                  ; IGNORE_CARRY                 ;
; AUTO_CASCADE_CHAINS                ; ON                   ; AUTO_CASCADE                 ;
; IGNORE_CASCADE_BUFFERS             ; OFF                  ; IGNORE_CASCADE               ;
; WIDTH_BYTEENA                      ; 1                    ; Untyped                      ;
; OPERATION_MODE                     ; SINGLE_PORT          ; Untyped                      ;
; WIDTH_A                            ; 16                   ; Signed Integer               ;
; WIDTHAD_A                          ; 8                    ; Signed Integer               ;
; NUMWORDS_A                         ; 256                  ; Signed Integer               ;
; OUTDATA_REG_A                      ; UNREGISTERED         ; Untyped                      ;
; ADDRESS_ACLR_A                     ; NONE                 ; Untyped                      ;
; OUTDATA_ACLR_A                     ; NONE                 ; Untyped                      ;
; WRCONTROL_ACLR_A                   ; NONE                 ; Untyped                      ;
; INDATA_ACLR_A                      ; NONE                 ; Untyped                      ;
; BYTEENA_ACLR_A                     ; NONE                 ; Untyped                      ;
; WIDTH_B                            ; 1                    ; Untyped                      ;
; WIDTHAD_B                          ; 1                    ; Untyped                      ;
; NUMWORDS_B                         ; 1                    ; Untyped                      ;
; INDATA_REG_B                       ; CLOCK1               ; Untyped                      ;
; WRCONTROL_WRADDRESS_REG_B          ; CLOCK1               ; Untyped                      ;
; RDCONTROL_REG_B                    ; CLOCK1               ; Untyped                      ;
; ADDRESS_REG_B                      ; CLOCK1               ; Untyped                      ;
; OUTDATA_REG_B                      ; UNREGISTERED         ; Untyped                      ;
; BYTEENA_REG_B                      ; CLOCK1               ; Untyped                      ;
; INDATA_ACLR_B                      ; NONE                 ; Untyped                      ;
; WRCONTROL_ACLR_B                   ; NONE                 ; Untyped                      ;
; ADDRESS_ACLR_B                     ; NONE                 ; Untyped                      ;
; OUTDATA_ACLR_B                     ; NONE                 ; Untyped                      ;
; RDCONTROL_ACLR_B                   ; NONE                 ; Untyped                      ;
; BYTEENA_ACLR_B                     ; NONE                 ; Untyped                      ;
; WIDTH_BYTEENA_A                    ; 1                    ; Signed Integer               ;
; WIDTH_BYTEENA_B                    ; 1                    ; Untyped                      ;
; RAM_BLOCK_TYPE                     ; AUTO                 ; Untyped                      ;
; BYTE_SIZE                          ; 8                    ; Untyped                      ;
; READ_DURING_WRITE_MODE_MIXED_PORTS ; DONT_CARE            ; Untyped                      ;
; READ_DURING_WRITE_MODE_PORT_A      ; NEW_DATA_NO_NBE_READ ; Untyped                      ;
; READ_DURING_WRITE_MODE_PORT_B      ; NEW_DATA_NO_NBE_READ ; Untyped                      ;
; INIT_FILE                          ; inst_mem.mif         ; Untyped                      ;
; INIT_FILE_LAYOUT                   ; PORT_A               ; Untyped                      ;
; MAXIMUM_DEPTH                      ; 0                    ; Untyped                      ;
; CLOCK_ENABLE_INPUT_A               ; BYPASS               ; Untyped                      ;
; CLOCK_ENABLE_INPUT_B               ; NORMAL               ; Untyped                      ;
; CLOCK_ENABLE_OUTPUT_A              ; BYPASS               ; Untyped                      ;
; CLOCK_ENABLE_OUTPUT_B              ; NORMAL               ; Untyped                      ;
; CLOCK_ENABLE_CORE_A                ; USE_INPUT_CLKEN      ; Untyped                      ;
; CLOCK_ENABLE_CORE_B                ; USE_INPUT_CLKEN      ; Untyped                      ;
; ENABLE_ECC                         ; FALSE                ; Untyped                      ;
; ECC_PIPELINE_STAGE_ENABLED         ; FALSE                ; Untyped                      ;
; WIDTH_ECCSTATUS                    ; 3                    ; Untyped                      ;
; DEVICE_FAMILY                      ; Cyclone V            ; Untyped                      ;
; CBXI_PARAMETER                     ; altsyncram_rgj1      ; Untyped                      ;
+------------------------------------+----------------------+------------------------------+
Note: In order to hide this table in the UI and the text report file, please set the "Show Parameter Settings in Synthesis Report" option in "Analysis and Synthesis Settings -> More Settings" to "Off".


+------------------------------------------------------+
; Parameter Settings for User Entity Instance: regn:U5 ;
+----------------+-------+-----------------------------+
; Parameter Name ; Value ; Type                        ;
+----------------+-------+-----------------------------+
; n              ; 9     ; Signed Integer              ;
+----------------+-------+-----------------------------+
Note: In order to hide this table in the UI and the text report file, please set the "Show Parameter Settings in Synthesis Report" option in "Analysis and Synthesis Settings -> More Settings" to "Off".


+------------------------------------------------------------------------+
; Parameter Settings for User Entity Instance: seg7_scroll:U6|regne:hex0 ;
+----------------+-------+-----------------------------------------------+
; Parameter Name ; Value ; Type                                          ;
+----------------+-------+-----------------------------------------------+
; n              ; 7     ; Signed Integer                                ;
+----------------+-------+-----------------------------------------------+
Note: In order to hide this table in the UI and the text report file, please set the "Show Parameter Settings in Synthesis Report" option in "Analysis and Synthesis Settings -> More Settings" to "Off".


+------------------------------------------------------------------------+
; Parameter Settings for User Entity Instance: seg7_scroll:U6|regne:hex1 ;
+----------------+-------+-----------------------------------------------+
; Parameter Name ; Value ; Type                                          ;
+----------------+-------+-----------------------------------------------+
; n              ; 7     ; Signed Integer                                ;
+----------------+-------+-----------------------------------------------+
Note: In order to hide this table in the UI and the text report file, please set the "Show Parameter Settings in Synthesis Report" option in "Analysis and Synthesis Settings -> More Settings" to "Off".


+------------------------------------------------------------------------+
; Parameter Settings for User Entity Instance: seg7_scroll:U6|regne:hex2 ;
+----------------+-------+-----------------------------------------------+
; Parameter Name ; Value ; Type                                          ;
+----------------+-------+-----------------------------------------------+
; n              ; 7     ; Signed Integer                                ;
+----------------+-------+-----------------------------------------------+
Note: In order to hide this table in the UI and the text report file, please set the "Show Parameter Settings in Synthesis Report" option in "Analysis and Synthesis Settings -> More Settings" to "Off".


+------------------------------------------------------------------------+
; Parameter Settings for User Entity Instance: seg7_scroll:U6|regne:hex3 ;
+----------------+-------+-----------------------------------------------+
; Parameter Name ; Value ; Type                                          ;
+----------------+-------+-----------------------------------------------+
; n              ; 7     ; Signed Integer                                ;
+----------------+-------+-----------------------------------------------+
Note: In order to hide this table in the UI and the text report file, please set the "Show Parameter Settings in Synthesis Report" option in "Analysis and Synthesis Settings -> More Settings" to "Off".


+------------------------------------------------------------------------+
; Parameter Settings for User Entity Instance: seg7_scroll:U6|regne:hex4 ;
+----------------+-------+-----------------------------------------------+
; Parameter Name ; Value ; Type                                          ;
+----------------+-------+-----------------------------------------------+
; n              ; 7     ; Signed Integer                                ;
+----------------+-------+-----------------------------------------------+
Note: In order to hide this table in the UI and the text report file, please set the "Show Parameter Settings in Synthesis Report" option in "Analysis and Synthesis Settings -> More Settings" to "Off".


+------------------------------------------------------------------------+
; Parameter Settings for User Entity Instance: seg7_scroll:U6|regne:hex5 ;
+----------------+-------+-----------------------------------------------+
; Parameter Name ; Value ; Type                                          ;
+----------------+-------+-----------------------------------------------+
; n              ; 7     ; Signed Integer                                ;
+----------------+-------+-----------------------------------------------+
Note: In order to hide this table in the UI and the text report file, please set the "Show Parameter Settings in Synthesis Report" option in "Analysis and Synthesis Settings -> More Settings" to "Off".


+------------------------------------------------------+
; Parameter Settings for User Entity Instance: regn:U7 ;
+----------------+-------+-----------------------------+
; Parameter Name ; Value ; Type                        ;
+----------------+-------+-----------------------------+
; n              ; 9     ; Signed Integer              ;
+----------------+-------+-----------------------------+
Note: In order to hide this table in the UI and the text report file, please set the "Show Parameter Settings in Synthesis Report" option in "Analysis and Synthesis Settings -> More Settings" to "Off".


+-----------------------------------------------------------------------------------------+
; altsyncram Parameter Settings by Entity Instance                                        ;
+-------------------------------------------+---------------------------------------------+
; Name                                      ; Value                                       ;
+-------------------------------------------+---------------------------------------------+
; Number of entity instances                ; 1                                           ;
; Entity Instance                           ; inst_mem:U4|altsyncram:altsyncram_component ;
;     -- OPERATION_MODE                     ; SINGLE_PORT                                 ;
;     -- WIDTH_A                            ; 16                                          ;
;     -- NUMWORDS_A                         ; 256                                         ;
;     -- OUTDATA_REG_A                      ; UNREGISTERED                                ;
;     -- WIDTH_B                            ; 1                                           ;
;     -- NUMWORDS_B                         ; 1                                           ;
;     -- ADDRESS_REG_B                      ; CLOCK1                                      ;
;     -- OUTDATA_REG_B                      ; UNREGISTERED                                ;
;     -- RAM_BLOCK_TYPE                     ; AUTO                                        ;
;     -- READ_DURING_WRITE_MODE_MIXED_PORTS ; DONT_CARE                                   ;
+-------------------------------------------+---------------------------------------------+


+----------------------------------------+
; Port Connectivity Checks: "regn:U7"    ;
+------+-------+----------+--------------+
; Port ; Type  ; Severity ; Details      ;
+------+-------+----------+--------------+
; Rin  ; Input ; Info     ; Stuck at VCC ;
+------+-------+----------+--------------+


+------------------------------------------------------------------------------------------------------------------------------------------------------------------------------------------------------------+
; Port Connectivity Checks: "seg7_scroll:U6"                                                                                                                                                                 ;
+------+-------+----------+----------------------------------------------------------------------------------------------------------------------------------------------------------------------------------+
; Port ; Type  ; Severity ; Details                                                                                                                                                                          ;
+------+-------+----------+----------------------------------------------------------------------------------------------------------------------------------------------------------------------------------+
; Addr ; Input ; Warning  ; Input port expression (4 bits) is wider than the input port (3 bits) it drives.  The 1 most-significant bit(s) in the expression will be dangling if they have no other fanouts. ;
+------+-------+----------+----------------------------------------------------------------------------------------------------------------------------------------------------------------------------------+


+--------------------------------------------------+
; Port Connectivity Checks: "proc:U3|dec3to8:decY" ;
+------+-------+----------+------------------------+
; Port ; Type  ; Severity ; Details                ;
+------+-------+----------+------------------------+
; En   ; Input ; Info     ; Stuck at VCC           ;
+------+-------+----------+------------------------+


+--------------------------------------------------+
; Port Connectivity Checks: "proc:U3|dec3to8:decX" ;
+------+-------+----------+------------------------+
; Port ; Type  ; Severity ; Details                ;
+------+-------+----------+------------------------+
; En   ; Input ; Info     ; Stuck at VCC           ;
+------+-------+----------+------------------------+


+-----------------------------------------------------------------------------------------------------------------------+
; Port Connectivity Checks: "proc:U3"                                                                                   ;
+-------------+--------+----------+-------------------------------------------------------------------------------------+
; Port        ; Type   ; Severity ; Details                                                                             ;
+-------------+--------+----------+-------------------------------------------------------------------------------------+
; ADDR[11..8] ; Output ; Info     ; Connected to dangling logic. Logic that only feeds a dangling port will be removed. ;
; Done        ; Output ; Info     ; Connected to dangling logic. Logic that only feeds a dangling port will be removed. ;
+-------------+--------+----------+-------------------------------------------------------------------------------------+


+-----------------------------------------------------+
; Post-Synthesis Netlist Statistics for Top Partition ;
+-----------------------+-----------------------------+
; Type                  ; Count                       ;
+-----------------------+-----------------------------+
; arriav_ff             ; 266                         ;
;     ENA               ; 232                         ;
;     ENA SCLR SLD      ; 16                          ;
;     SCLR              ; 1                           ;
;     plain             ; 17                          ;
; arriav_lcell_comb     ; 302                         ;
;     arith             ; 68                          ;
;         0 data inputs ; 3                           ;
;         1 data inputs ; 16                          ;
;         2 data inputs ; 19                          ;
;         4 data inputs ; 30                          ;
;     extend            ; 1                           ;
;         7 data inputs ; 1                           ;
;     normal            ; 233                         ;
;         2 data inputs ; 21                          ;
;         3 data inputs ; 42                          ;
;         4 data inputs ; 36                          ;
;         5 data inputs ; 65                          ;
;         6 data inputs ; 69                          ;
; boundary_port         ; 64                          ;
; stratixv_ram_block    ; 16                          ;
;                       ;                             ;
; Max LUT depth         ; 12.50                       ;
; Average LUT depth     ; 6.62                        ;
+-----------------------+-----------------------------+


+-------------------------------+
; Elapsed Time Per Partition    ;
+----------------+--------------+
; Partition Name ; Elapsed Time ;
+----------------+--------------+
; Top            ; 00:00:01     ;
+----------------+--------------+


+-------------------------------+
; Analysis & Synthesis Messages ;
+-------------------------------+
Info: *******************************************************************
Info: Running Quartus Prime Analysis & Synthesis
    Info: Version 18.0.0 Build 614 04/24/2018 SJ Lite Edition
    Info: Processing started: Sun Feb 03 10:19:41 2019
Info: Command: quartus_map --read_settings_files=on --write_settings_files=off main -c main
Warning (18236): Number of processors has not been specified which may cause overloading on shared machines.  Set the global assignment NUM_PARALLEL_PROCESSORS in your QSF to an appropriate value for best performance.
Info (20030): Parallel compilation is enabled and will use 16 of the 16 processors detected
Info (12021): Found 2 design units, including 2 entities, in source file seg7_scroll.v
    Info (12023): Found entity 1: seg7_scroll File: D:/Barney/OneDrive - University of Toronto/2. Homework/10. Computer Organization (ECE243)/Labs/Lab 2 An Enhanced Processor/part7/seg7_scroll.v Line: 31
    Info (12023): Found entity 2: regne File: D:/Barney/OneDrive - University of Toronto/2. Homework/10. Computer Organization (ECE243)/Labs/Lab 2 An Enhanced Processor/part7/seg7_scroll.v Line: 46
Info (12021): Found 4 design units, including 4 entities, in source file proc.v
    Info (12023): Found entity 1: proc File: D:/Barney/OneDrive - University of Toronto/2. Homework/10. Computer Organization (ECE243)/Labs/Lab 2 An Enhanced Processor/part7/proc.v Line: 20
    Info (12023): Found entity 2: pc_count File: D:/Barney/OneDrive - University of Toronto/2. Homework/10. Computer Organization (ECE243)/Labs/Lab 2 An Enhanced Processor/part7/proc.v Line: 332
    Info (12023): Found entity 3: dec3to8 File: D:/Barney/OneDrive - University of Toronto/2. Homework/10. Computer Organization (ECE243)/Labs/Lab 2 An Enhanced Processor/part7/proc.v Line: 347
    Info (12023): Found entity 4: regn File: D:/Barney/OneDrive - University of Toronto/2. Homework/10. Computer Organization (ECE243)/Labs/Lab 2 An Enhanced Processor/part7/proc.v Line: 371
Info (12021): Found 1 design units, including 1 entities, in source file main.v
    Info (12023): Found entity 1: main File: D:/Barney/OneDrive - University of Toronto/2. Homework/10. Computer Organization (ECE243)/Labs/Lab 2 An Enhanced Processor/part7/main.v Line: 30
Info (12021): Found 1 design units, including 1 entities, in source file inst_mem.v
    Info (12023): Found entity 1: inst_mem File: D:/Barney/OneDrive - University of Toronto/2. Homework/10. Computer Organization (ECE243)/Labs/Lab 2 An Enhanced Processor/part7/inst_mem.v Line: 39
Info (12021): Found 1 design units, including 1 entities, in source file flipflop.v
    Info (12023): Found entity 1: flipflop File: D:/Barney/OneDrive - University of Toronto/2. Homework/10. Computer Organization (ECE243)/Labs/Lab 2 An Enhanced Processor/part7/flipflop.v Line: 1
Info (12127): Elaborating entity "main" for the top level hierarchy
Info (12128): Elaborating entity "flipflop" for hierarchy "flipflop:U1" File: D:/Barney/OneDrive - University of Toronto/2. Homework/10. Computer Organization (ECE243)/Labs/Lab 2 An Enhanced Processor/part7/main.v Line: 46
Info (12128): Elaborating entity "proc" for hierarchy "proc:U3" File: D:/Barney/OneDrive - University of Toronto/2. Homework/10. Computer Organization (ECE243)/Labs/Lab 2 An Enhanced Processor/part7/main.v Line: 50
Warning (10270): Verilog HDL Case Statement warning at proc.v(115): incomplete case statement has no default case item File: D:/Barney/OneDrive - University of Toronto/2. Homework/10. Computer Organization (ECE243)/Labs/Lab 2 An Enhanced Processor/part7/proc.v Line: 115
Info (10264): Verilog HDL Case Statement information at proc.v(115): all case item expressions in this case statement are onehot File: D:/Barney/OneDrive - University of Toronto/2. Homework/10. Computer Organization (ECE243)/Labs/Lab 2 An Enhanced Processor/part7/proc.v Line: 115
Warning (10240): Verilog HDL Always Construct warning at proc.v(88): inferring latch(es) for variable "flag_z_mv", which holds its previous value in one or more paths through the always construct File: D:/Barney/OneDrive - University of Toronto/2. Homework/10. Computer Organization (ECE243)/Labs/Lab 2 An Enhanced Processor/part7/proc.v Line: 88
Warning (10235): Verilog HDL Always Construct warning at proc.v(271): variable "I" is read inside the Always Construct but isn't in the Always Construct's Event Control File: D:/Barney/OneDrive - University of Toronto/2. Homework/10. Computer Organization (ECE243)/Labs/Lab 2 An Enhanced Processor/part7/proc.v Line: 271
Warning (10235): Verilog HDL Always Construct warning at proc.v(282): variable "I" is read inside the Always Construct but isn't in the Always Construct's Event Control File: D:/Barney/OneDrive - University of Toronto/2. Homework/10. Computer Organization (ECE243)/Labs/Lab 2 An Enhanced Processor/part7/proc.v Line: 282
Warning (10240): Verilog HDL Always Construct warning at proc.v(266): inferring latch(es) for variable "sum_c", which holds its previous value in one or more paths through the always construct File: D:/Barney/OneDrive - University of Toronto/2. Homework/10. Computer Organization (ECE243)/Labs/Lab 2 An Enhanced Processor/part7/proc.v Line: 266
Warning (10240): Verilog HDL Always Construct warning at proc.v(266): inferring latch(es) for variable "flag_c_temp", which holds its previous value in one or more paths through the always construct File: D:/Barney/OneDrive - University of Toronto/2. Homework/10. Computer Organization (ECE243)/Labs/Lab 2 An Enhanced Processor/part7/proc.v Line: 266
Info (10041): Inferred latch for "flag_c_temp" at proc.v(281) File: D:/Barney/OneDrive - University of Toronto/2. Homework/10. Computer Organization (ECE243)/Labs/Lab 2 An Enhanced Processor/part7/proc.v Line: 281
Info (10041): Inferred latch for "flag_z_mv" at proc.v(88) File: D:/Barney/OneDrive - University of Toronto/2. Homework/10. Computer Organization (ECE243)/Labs/Lab 2 An Enhanced Processor/part7/proc.v Line: 88
Info (12128): Elaborating entity "dec3to8" for hierarchy "proc:U3|dec3to8:decX" File: D:/Barney/OneDrive - University of Toronto/2. Homework/10. Computer Organization (ECE243)/Labs/Lab 2 An Enhanced Processor/part7/proc.v Line: 45
Info (12128): Elaborating entity "regn" for hierarchy "proc:U3|regn:reg_0" File: D:/Barney/OneDrive - University of Toronto/2. Homework/10. Computer Organization (ECE243)/Labs/Lab 2 An Enhanced Processor/part7/proc.v Line: 246
Info (12128): Elaborating entity "pc_count" for hierarchy "proc:U3|pc_count:pc" File: D:/Barney/OneDrive - University of Toronto/2. Homework/10. Computer Organization (ECE243)/Labs/Lab 2 An Enhanced Processor/part7/proc.v Line: 256
Info (12128): Elaborating entity "regn" for hierarchy "proc:U3|regn:reg_IR" File: D:/Barney/OneDrive - University of Toronto/2. Homework/10. Computer Organization (ECE243)/Labs/Lab 2 An Enhanced Processor/part7/proc.v Line: 261
Info (12128): Elaborating entity "inst_mem" for hierarchy "inst_mem:U4" File: D:/Barney/OneDrive - University of Toronto/2. Homework/10. Computer Organization (ECE243)/Labs/Lab 2 An Enhanced Processor/part7/main.v Line: 57
Info (12128): Elaborating entity "altsyncram" for hierarchy "inst_mem:U4|altsyncram:altsyncram_component" File: D:/Barney/OneDrive - University of Toronto/2. Homework/10. Computer Organization (ECE243)/Labs/Lab 2 An Enhanced Processor/part7/inst_mem.v Line: 85
Info (12130): Elaborated megafunction instantiation "inst_mem:U4|altsyncram:altsyncram_component" File: D:/Barney/OneDrive - University of Toronto/2. Homework/10. Computer Organization (ECE243)/Labs/Lab 2 An Enhanced Processor/part7/inst_mem.v Line: 85
Info (12133): Instantiated megafunction "inst_mem:U4|altsyncram:altsyncram_component" with the following parameter: File: D:/Barney/OneDrive - University of Toronto/2. Homework/10. Computer Organization (ECE243)/Labs/Lab 2 An Enhanced Processor/part7/inst_mem.v Line: 85
    Info (12134): Parameter "clock_enable_input_a" = "BYPASS"
    Info (12134): Parameter "clock_enable_output_a" = "BYPASS"
    Info (12134): Parameter "init_file" = "inst_mem.mif"
    Info (12134): Parameter "intended_device_family" = "Cyclone II"
    Info (12134): Parameter "lpm_hint" = "ENABLE_RUNTIME_MOD=NO"
    Info (12134): Parameter "lpm_type" = "altsyncram"
    Info (12134): Parameter "numwords_a" = "256"
    Info (12134): Parameter "operation_mode" = "SINGLE_PORT"
    Info (12134): Parameter "outdata_aclr_a" = "NONE"
    Info (12134): Parameter "outdata_reg_a" = "UNREGISTERED"
    Info (12134): Parameter "power_up_uninitialized" = "FALSE"
    Info (12134): Parameter "widthad_a" = "8"
    Info (12134): Parameter "width_a" = "16"
    Info (12134): Parameter "width_byteena_a" = "1"
Info (12021): Found 1 design units, including 1 entities, in source file db/altsyncram_rgj1.tdf
    Info (12023): Found entity 1: altsyncram_rgj1 File: D:/Barney/OneDrive - University of Toronto/2. Homework/10. Computer Organization (ECE243)/Labs/Lab 2 An Enhanced Processor/part7/db/altsyncram_rgj1.tdf Line: 27
Info (12128): Elaborating entity "altsyncram_rgj1" for hierarchy "inst_mem:U4|altsyncram:altsyncram_component|altsyncram_rgj1:auto_generated" File: c:/intelfpga_lite/18.0/quartus/libraries/megafunctions/altsyncram.tdf Line: 791
Warning (113028): 112 out of 256 addresses are uninitialized. The Quartus Prime software will initialize them to "0". There are 1 warnings found, and 1 warnings are reported. File: D:/Barney/OneDrive - University of Toronto/2. Homework/10. Computer Organization (ECE243)/Labs/Lab 2 An Enhanced Processor/part7/inst_mem.mif Line: 1
    Warning (113027): Addresses ranging from 144 to 255 are not initialized File: D:/Barney/OneDrive - University of Toronto/2. Homework/10. Computer Organization (ECE243)/Labs/Lab 2 An Enhanced Processor/part7/inst_mem.mif Line: 1
Info (12128): Elaborating entity "seg7_scroll" for hierarchy "seg7_scroll:U6" File: D:/Barney/OneDrive - University of Toronto/2. Homework/10. Computer Organization (ECE243)/Labs/Lab 2 An Enhanced Processor/part7/main.v Line: 73
Info (12128): Elaborating entity "regne" for hierarchy "seg7_scroll:U6|regne:hex0" File: D:/Barney/OneDrive - University of Toronto/2. Homework/10. Computer Organization (ECE243)/Labs/Lab 2 An Enhanced Processor/part7/seg7_scroll.v Line: 37
Warning (12241): 1 hierarchies have connectivity warnings - see the Connectivity Checks report folder
Warning (13012): Latch proc:U3|flag_c_temp has unsafe behavior File: D:/Barney/OneDrive - University of Toronto/2. Homework/10. Computer Organization (ECE243)/Labs/Lab 2 An Enhanced Processor/part7/proc.v Line: 42
    Warning (13013): Ports D and ENA on the latch are fed by the same signal proc:U3|Tstep_Q.T4 File: D:/Barney/OneDrive - University of Toronto/2. Homework/10. Computer Organization (ECE243)/Labs/Lab 2 An Enhanced Processor/part7/proc.v Line: 33
Info (286030): Timing-Driven Synthesis is running
Info (17049): 3 registers lost all their fanouts during netlist optimizations.
Info (16010): Generating hard_block partition "hard_block:auto_generated_inst"
    Info (16011): Adding 0 node(s), including 0 DDIO, 0 PLL, 0 transceiver and 0 LCELL
Info (21057): Implemented 607 device resources after synthesis - the final resource count might be different
    Info (21058): Implemented 12 input pins
    Info (21059): Implemented 52 output pins
    Info (21061): Implemented 527 logic cells
    Info (21064): Implemented 16 RAM segments
Info: Quartus Prime Analysis & Synthesis was successful. 0 errors, 12 warnings
    Info: Peak virtual memory: 4932 megabytes
    Info: Processing ended: Sun Feb 03 10:19:53 2019
    Info: Elapsed time: 00:00:12
    Info: Total CPU time (on all processors): 00:00:25


